[0.028s] Invoking command in '/home/sudhansu/Desktop/ros2_intermediate_cource/my_ws/src/build/my_robot_description': CMAKE_PREFIX_PATH=${CMAKE_PREFIX_PATH}:/home/sudhansu/install/my_robot_controller:/home/sudhansu/Desktop/ROS2/ros2_workspace/install/urdf_rviz_r2d2:/home/sudhansu/Desktop/ROS2/ros2_workspace/install/py_srvcli:/home/sudhansu/Desktop/ROS2/ros2_workspace/install/my_robot_controller:/opt/ros/humble /usr/bin/cmake /home/sudhansu/Desktop/ros2_intermediate_cource/my_ws/src/my_robot_description -DAMENT_CMAKE_SYMLINK_INSTALL=1 -DCMAKE_INSTALL_PREFIX=/home/sudhansu/Desktop/ros2_intermediate_cource/my_ws/src/install/my_robot_description
[0.106s] -- The C compiler identification is GNU 11.4.0
[0.179s] -- The CXX compiler identification is GNU 11.4.0
[0.195s] -- Detecting C compiler ABI info
[0.283s] -- Detecting C compiler ABI info - done
[0.293s] -- Check for working C compiler: /usr/bin/cc - skipped
[0.293s] -- Detecting C compile features
[0.294s] -- Detecting C compile features - done
[0.298s] -- Detecting CXX compiler ABI info
[0.402s] -- Detecting CXX compiler ABI info - done
[0.416s] -- Check for working CXX compiler: /usr/bin/c++ - skipped
[0.417s] -- Detecting CXX compile features
[0.417s] -- Detecting CXX compile features - done
[0.422s] -- Found ament_cmake: 1.3.11 (/opt/ros/humble/share/ament_cmake/cmake)
[0.670s] -- Found Python3: /usr/bin/python3 (found version "3.10.12") found components: Interpreter 
[0.784s] -- Override CMake install command with custom implementation using symlinks instead of copying resources
[0.956s] -- Configuring done
[0.960s] -- Generating done
[0.962s] -- Build files have been written to: /home/sudhansu/Desktop/ros2_intermediate_cource/my_ws/src/build/my_robot_description
[0.968s] Invoked command in '/home/sudhansu/Desktop/ros2_intermediate_cource/my_ws/src/build/my_robot_description' returned '0': CMAKE_PREFIX_PATH=${CMAKE_PREFIX_PATH}:/home/sudhansu/install/my_robot_controller:/home/sudhansu/Desktop/ROS2/ros2_workspace/install/urdf_rviz_r2d2:/home/sudhansu/Desktop/ROS2/ros2_workspace/install/py_srvcli:/home/sudhansu/Desktop/ROS2/ros2_workspace/install/my_robot_controller:/opt/ros/humble /usr/bin/cmake /home/sudhansu/Desktop/ros2_intermediate_cource/my_ws/src/my_robot_description -DAMENT_CMAKE_SYMLINK_INSTALL=1 -DCMAKE_INSTALL_PREFIX=/home/sudhansu/Desktop/ros2_intermediate_cource/my_ws/src/install/my_robot_description
[0.971s] Invoking command in '/home/sudhansu/Desktop/ros2_intermediate_cource/my_ws/src/build/my_robot_description': CMAKE_PREFIX_PATH=${CMAKE_PREFIX_PATH}:/home/sudhansu/install/my_robot_controller:/home/sudhansu/Desktop/ROS2/ros2_workspace/install/urdf_rviz_r2d2:/home/sudhansu/Desktop/ROS2/ros2_workspace/install/py_srvcli:/home/sudhansu/Desktop/ROS2/ros2_workspace/install/my_robot_controller:/opt/ros/humble /usr/bin/cmake --build /home/sudhansu/Desktop/ros2_intermediate_cource/my_ws/src/build/my_robot_description -- -j8 -l8
[1.018s] Invoked command in '/home/sudhansu/Desktop/ros2_intermediate_cource/my_ws/src/build/my_robot_description' returned '0': CMAKE_PREFIX_PATH=${CMAKE_PREFIX_PATH}:/home/sudhansu/install/my_robot_controller:/home/sudhansu/Desktop/ROS2/ros2_workspace/install/urdf_rviz_r2d2:/home/sudhansu/Desktop/ROS2/ros2_workspace/install/py_srvcli:/home/sudhansu/Desktop/ROS2/ros2_workspace/install/my_robot_controller:/opt/ros/humble /usr/bin/cmake --build /home/sudhansu/Desktop/ros2_intermediate_cource/my_ws/src/build/my_robot_description -- -j8 -l8
[1.031s] Invoking command in '/home/sudhansu/Desktop/ros2_intermediate_cource/my_ws/src/build/my_robot_description': CMAKE_PREFIX_PATH=${CMAKE_PREFIX_PATH}:/home/sudhansu/install/my_robot_controller:/home/sudhansu/Desktop/ROS2/ros2_workspace/install/urdf_rviz_r2d2:/home/sudhansu/Desktop/ROS2/ros2_workspace/install/py_srvcli:/home/sudhansu/Desktop/ROS2/ros2_workspace/install/my_robot_controller:/opt/ros/humble /usr/bin/cmake --install /home/sudhansu/Desktop/ros2_intermediate_cource/my_ws/src/build/my_robot_description
[1.041s] -- Install configuration: ""
[1.042s] -- Execute custom install script
[1.042s] -- Symlinking: /home/sudhansu/Desktop/ros2_intermediate_cource/my_ws/src/install/my_robot_description/share/my_robot_description//urdf/add_revolute.xacro
[1.053s] -- Symlinking: /home/sudhansu/Desktop/ros2_intermediate_cource/my_ws/src/install/my_robot_description/share/my_robot_description//urdf/arm.xacro
[1.064s] -- Symlinking: /home/sudhansu/Desktop/ros2_intermediate_cource/my_ws/src/install/my_robot_description/share/my_robot_description//urdf/arm_gazebo.xacro
[1.075s] -- Symlinking: /home/sudhansu/Desktop/ros2_intermediate_cource/my_ws/src/install/my_robot_description/share/my_robot_description//urdf/camera.xacro
[1.085s] -- Symlinking: /home/sudhansu/Desktop/ros2_intermediate_cource/my_ws/src/install/my_robot_description/share/my_robot_description//urdf/common_properties.xacro
[1.095s] -- Symlinking: /home/sudhansu/Desktop/ros2_intermediate_cource/my_ws/src/install/my_robot_description/share/my_robot_description//urdf/lidar.xacro
[1.106s] -- Symlinking: /home/sudhansu/Desktop/ros2_intermediate_cource/my_ws/src/install/my_robot_description/share/my_robot_description//urdf/mobile_base.xacro
[1.116s] -- Symlinking: /home/sudhansu/Desktop/ros2_intermediate_cource/my_ws/src/install/my_robot_description/share/my_robot_description//urdf/mobile_base_gazebo.xacro
[1.126s] -- Symlinking: /home/sudhansu/Desktop/ros2_intermediate_cource/my_ws/src/install/my_robot_description/share/my_robot_description//urdf/my_robot.urdf
[1.141s] -- Symlinking: /home/sudhansu/Desktop/ros2_intermediate_cource/my_ws/src/install/my_robot_description/share/my_robot_description//urdf/my_robot_improved.urdf.xacro
[1.154s] -- Symlinking: /home/sudhansu/Desktop/ros2_intermediate_cource/my_ws/src/install/my_robot_description/share/my_robot_description//urdf/my_robot_main.urdf.xacro
[1.165s] -- Symlinking: /home/sudhansu/Desktop/ros2_intermediate_cource/my_ws/src/install/my_robot_description/share/my_robot_description//urdf/ros2_control.xacro
[1.176s] -- Symlinking: /home/sudhansu/Desktop/ros2_intermediate_cource/my_ws/src/install/my_robot_description/share/my_robot_description//urdf/standalone_arm.urdf.xacro
[1.192s] -- Symlinking: /home/sudhansu/Desktop/ros2_intermediate_cource/my_ws/src/install/my_robot_description/share/my_robot_description//launch/display.launch.py
[1.207s] -- Symlinking: /home/sudhansu/Desktop/ros2_intermediate_cource/my_ws/src/install/my_robot_description/share/my_robot_description//launch/display.launch.xml
[1.223s] -- Symlinking: /home/sudhansu/Desktop/ros2_intermediate_cource/my_ws/src/install/my_robot_description/share/my_robot_description//rviz/empty.rviz
[1.246s] -- Symlinking: /home/sudhansu/Desktop/ros2_intermediate_cource/my_ws/src/install/my_robot_description/share/my_robot_description//rviz/rviz_config.rviz
[1.258s] -- Symlinking: /home/sudhansu/Desktop/ros2_intermediate_cource/my_ws/src/install/my_robot_description/share/my_robot_description//rviz/urdf_config.rviz
[1.270s] -- Symlinking: /home/sudhansu/Desktop/ros2_intermediate_cource/my_ws/src/install/my_robot_description/share/my_robot_description//rviz/urdf_config_1.rviz
[1.282s] -- Symlinking: /home/sudhansu/Desktop/ros2_intermediate_cource/my_ws/src/install/my_robot_description/share/ament_index/resource_index/package_run_dependencies/my_robot_description
[1.296s] -- Symlinking: /home/sudhansu/Desktop/ros2_intermediate_cource/my_ws/src/install/my_robot_description/share/ament_index/resource_index/parent_prefix_path/my_robot_description
[1.306s] -- Symlinking: /home/sudhansu/Desktop/ros2_intermediate_cource/my_ws/src/install/my_robot_description/share/my_robot_description/environment/ament_prefix_path.sh
[1.317s] -- Symlinking: /home/sudhansu/Desktop/ros2_intermediate_cource/my_ws/src/install/my_robot_description/share/my_robot_description/environment/ament_prefix_path.dsv
[1.329s] -- Symlinking: /home/sudhansu/Desktop/ros2_intermediate_cource/my_ws/src/install/my_robot_description/share/my_robot_description/environment/path.sh
[1.341s] -- Symlinking: /home/sudhansu/Desktop/ros2_intermediate_cource/my_ws/src/install/my_robot_description/share/my_robot_description/environment/path.dsv
[1.353s] -- Symlinking: /home/sudhansu/Desktop/ros2_intermediate_cource/my_ws/src/install/my_robot_description/share/my_robot_description/local_setup.bash
[1.364s] -- Symlinking: /home/sudhansu/Desktop/ros2_intermediate_cource/my_ws/src/install/my_robot_description/share/my_robot_description/local_setup.sh
[1.375s] -- Symlinking: /home/sudhansu/Desktop/ros2_intermediate_cource/my_ws/src/install/my_robot_description/share/my_robot_description/local_setup.zsh
[1.391s] -- Symlinking: /home/sudhansu/Desktop/ros2_intermediate_cource/my_ws/src/install/my_robot_description/share/my_robot_description/local_setup.dsv
[1.402s] -- Symlinking: /home/sudhansu/Desktop/ros2_intermediate_cource/my_ws/src/install/my_robot_description/share/my_robot_description/package.dsv
[1.414s] -- Symlinking: /home/sudhansu/Desktop/ros2_intermediate_cource/my_ws/src/install/my_robot_description/share/ament_index/resource_index/packages/my_robot_description
[1.426s] -- Symlinking: /home/sudhansu/Desktop/ros2_intermediate_cource/my_ws/src/install/my_robot_description/share/my_robot_description/cmake/my_robot_descriptionConfig.cmake
[1.448s] -- Symlinking: /home/sudhansu/Desktop/ros2_intermediate_cource/my_ws/src/install/my_robot_description/share/my_robot_description/cmake/my_robot_descriptionConfig-version.cmake
[1.458s] -- Symlinking: /home/sudhansu/Desktop/ros2_intermediate_cource/my_ws/src/install/my_robot_description/share/my_robot_description/package.xml
[1.472s] Invoked command in '/home/sudhansu/Desktop/ros2_intermediate_cource/my_ws/src/build/my_robot_description' returned '0': CMAKE_PREFIX_PATH=${CMAKE_PREFIX_PATH}:/home/sudhansu/install/my_robot_controller:/home/sudhansu/Desktop/ROS2/ros2_workspace/install/urdf_rviz_r2d2:/home/sudhansu/Desktop/ROS2/ros2_workspace/install/py_srvcli:/home/sudhansu/Desktop/ROS2/ros2_workspace/install/my_robot_controller:/opt/ros/humble /usr/bin/cmake --install /home/sudhansu/Desktop/ros2_intermediate_cource/my_ws/src/build/my_robot_description
