[ 50%] [32mBuilding CXX object CMakeFiles/my_robot_hardware.dir/src/my_robot_hardware.cpp.o[0m
[100%] [32m[1mLinking CXX shared library libmy_robot_hardware.so[0m
[100%] Built target my_robot_hardware
-- Install configuration: ""
-- Up-to-date: /home/sudhansu/Desktop/ros2_intermediate_cource/my_ws/install/my_robot_hardware/share/my_robot_hardware/my_robot_hardware.xml
-- Installing: /home/sudhansu/Desktop/ros2_intermediate_cource/my_ws/install/my_robot_hardware/lib/my_robot_hardware/libmy_robot_hardware.so
-- Set runtime path of "/home/sudhansu/Desktop/ros2_intermediate_cource/my_ws/install/my_robot_hardware/lib/my_robot_hardware/libmy_robot_hardware.so" to ""
-- Up-to-date: /home/sudhansu/Desktop/ros2_intermediate_cource/my_ws/install/my_robot_hardware/include
-- Up-to-date: /home/sudhansu/Desktop/ros2_intermediate_cource/my_ws/install/my_robot_hardware/include/my_robot_hardware
-- Up-to-date: /home/sudhansu/Desktop/ros2_intermediate_cource/my_ws/install/my_robot_hardware/include/my_robot_hardware/my_robot_hardware.hpp
-- Up-to-date: /home/sudhansu/Desktop/ros2_intermediate_cource/my_ws/install/my_robot_hardware/share/ament_index/resource_index/package_run_dependencies/my_robot_hardware
-- Up-to-date: /home/sudhansu/Desktop/ros2_intermediate_cource/my_ws/install/my_robot_hardware/share/ament_index/resource_index/parent_prefix_path/my_robot_hardware
-- Up-to-date: /home/sudhansu/Desktop/ros2_intermediate_cource/my_ws/install/my_robot_hardware/share/my_robot_hardware/environment/ament_prefix_path.sh
-- Up-to-date: /home/sudhansu/Desktop/ros2_intermediate_cource/my_ws/install/my_robot_hardware/share/my_robot_hardware/environment/ament_prefix_path.dsv
-- Up-to-date: /home/sudhansu/Desktop/ros2_intermediate_cource/my_ws/install/my_robot_hardware/share/my_robot_hardware/environment/path.sh
-- Up-to-date: /home/sudhansu/Desktop/ros2_intermediate_cource/my_ws/install/my_robot_hardware/share/my_robot_hardware/environment/path.dsv
-- Up-to-date: /home/sudhansu/Desktop/ros2_intermediate_cource/my_ws/install/my_robot_hardware/share/my_robot_hardware/local_setup.bash
-- Up-to-date: /home/sudhansu/Desktop/ros2_intermediate_cource/my_ws/install/my_robot_hardware/share/my_robot_hardware/local_setup.sh
-- Up-to-date: /home/sudhansu/Desktop/ros2_intermediate_cource/my_ws/install/my_robot_hardware/share/my_robot_hardware/local_setup.zsh
-- Up-to-date: /home/sudhansu/Desktop/ros2_intermediate_cource/my_ws/install/my_robot_hardware/share/my_robot_hardware/local_setup.dsv
-- Installing: /home/sudhansu/Desktop/ros2_intermediate_cource/my_ws/install/my_robot_hardware/share/my_robot_hardware/package.dsv
-- Up-to-date: /home/sudhansu/Desktop/ros2_intermediate_cource/my_ws/install/my_robot_hardware/share/ament_index/resource_index/packages/my_robot_hardware
-- Up-to-date: /home/sudhansu/Desktop/ros2_intermediate_cource/my_ws/install/my_robot_hardware/share/ament_index/resource_index/hardware_interface__pluginlib__plugin/my_robot_hardware
-- Up-to-date: /home/sudhansu/Desktop/ros2_intermediate_cource/my_ws/install/my_robot_hardware/share/my_robot_hardware/cmake/my_robot_hardwareConfig.cmake
-- Up-to-date: /home/sudhansu/Desktop/ros2_intermediate_cource/my_ws/install/my_robot_hardware/share/my_robot_hardware/cmake/my_robot_hardwareConfig-version.cmake
-- Up-to-date: /home/sudhansu/Desktop/ros2_intermediate_cource/my_ws/install/my_robot_hardware/share/my_robot_hardware/package.xml
