[0.013s] Invoking command in '/home/sudhansu/Desktop/ros2_intermediate_cource/my_ws/build/my_robot_hardware': CMAKE_PREFIX_PATH=${CMAKE_PREFIX_PATH}:/home/sudhansu/install/my_robot_controller:/home/sudhansu/Desktop/ROS2/ros2_workspace/install/urdf_rviz_r2d2:/home/sudhansu/Desktop/ROS2/ros2_workspace/install/py_srvcli:/home/sudhansu/Desktop/ROS2/ros2_workspace/install/my_robot_controller:/opt/ros/humble /usr/bin/cmake --build /home/sudhansu/Desktop/ros2_intermediate_cource/my_ws/build/my_robot_hardware -- -j8 -l8
[0.059s] [ 50%] [32mBuilding CXX object CMakeFiles/my_robot_hardware.dir/src/my_robot_hardware.cpp.o[0m
[2.568s] [100%] [32m[1mLinking CXX shared library libmy_robot_hardware.so[0m
[2.697s] [100%] Built target my_robot_hardware
[2.705s] Invoked command in '/home/sudhansu/Desktop/ros2_intermediate_cource/my_ws/build/my_robot_hardware' returned '0': CMAKE_PREFIX_PATH=${CMAKE_PREFIX_PATH}:/home/sudhansu/install/my_robot_controller:/home/sudhansu/Desktop/ROS2/ros2_workspace/install/urdf_rviz_r2d2:/home/sudhansu/Desktop/ROS2/ros2_workspace/install/py_srvcli:/home/sudhansu/Desktop/ROS2/ros2_workspace/install/my_robot_controller:/opt/ros/humble /usr/bin/cmake --build /home/sudhansu/Desktop/ros2_intermediate_cource/my_ws/build/my_robot_hardware -- -j8 -l8
[2.706s] Invoking command in '/home/sudhansu/Desktop/ros2_intermediate_cource/my_ws/build/my_robot_hardware': CMAKE_PREFIX_PATH=${CMAKE_PREFIX_PATH}:/home/sudhansu/install/my_robot_controller:/home/sudhansu/Desktop/ROS2/ros2_workspace/install/urdf_rviz_r2d2:/home/sudhansu/Desktop/ROS2/ros2_workspace/install/py_srvcli:/home/sudhansu/Desktop/ROS2/ros2_workspace/install/my_robot_controller:/opt/ros/humble /usr/bin/cmake --install /home/sudhansu/Desktop/ros2_intermediate_cource/my_ws/build/my_robot_hardware
[2.711s] -- Install configuration: ""
[2.712s] -- Execute custom install script
[2.712s] -- Up-to-date symlink: /home/sudhansu/Desktop/ros2_intermediate_cource/my_ws/install/my_robot_hardware/share/my_robot_hardware//my_robot_hardware.xml
[2.712s] -- Up-to-date symlink: /home/sudhansu/Desktop/ros2_intermediate_cource/my_ws/install/my_robot_hardware/lib/my_robot_hardware/libmy_robot_hardware.so
[2.712s] -- Up-to-date symlink: /home/sudhansu/Desktop/ros2_intermediate_cource/my_ws/install/my_robot_hardware/include/my_robot_hardware/my_robot_hardware.hpp
[2.712s] -- Up-to-date symlink: /home/sudhansu/Desktop/ros2_intermediate_cource/my_ws/install/my_robot_hardware/share/ament_index/resource_index/package_run_dependencies/my_robot_hardware
[2.713s] -- Up-to-date symlink: /home/sudhansu/Desktop/ros2_intermediate_cource/my_ws/install/my_robot_hardware/share/ament_index/resource_index/parent_prefix_path/my_robot_hardware
[2.713s] -- Up-to-date symlink: /home/sudhansu/Desktop/ros2_intermediate_cource/my_ws/install/my_robot_hardware/share/my_robot_hardware/environment/ament_prefix_path.sh
[2.713s] -- Up-to-date symlink: /home/sudhansu/Desktop/ros2_intermediate_cource/my_ws/install/my_robot_hardware/share/my_robot_hardware/environment/ament_prefix_path.dsv
[2.713s] -- Up-to-date symlink: /home/sudhansu/Desktop/ros2_intermediate_cource/my_ws/install/my_robot_hardware/share/my_robot_hardware/environment/path.sh
[2.713s] -- Up-to-date symlink: /home/sudhansu/Desktop/ros2_intermediate_cource/my_ws/install/my_robot_hardware/share/my_robot_hardware/environment/path.dsv
[2.713s] -- Up-to-date symlink: /home/sudhansu/Desktop/ros2_intermediate_cource/my_ws/install/my_robot_hardware/share/my_robot_hardware/local_setup.bash
[2.713s] -- Up-to-date symlink: /home/sudhansu/Desktop/ros2_intermediate_cource/my_ws/install/my_robot_hardware/share/my_robot_hardware/local_setup.sh
[2.713s] -- Up-to-date symlink: /home/sudhansu/Desktop/ros2_intermediate_cource/my_ws/install/my_robot_hardware/share/my_robot_hardware/local_setup.zsh
[2.713s] -- Up-to-date symlink: /home/sudhansu/Desktop/ros2_intermediate_cource/my_ws/install/my_robot_hardware/share/my_robot_hardware/local_setup.dsv
[2.713s] -- Symlinking: /home/sudhansu/Desktop/ros2_intermediate_cource/my_ws/install/my_robot_hardware/share/my_robot_hardware/package.dsv
[2.720s] -- Up-to-date symlink: /home/sudhansu/Desktop/ros2_intermediate_cource/my_ws/install/my_robot_hardware/share/ament_index/resource_index/packages/my_robot_hardware
[2.720s] -- Up-to-date symlink: /home/sudhansu/Desktop/ros2_intermediate_cource/my_ws/install/my_robot_hardware/share/ament_index/resource_index/hardware_interface__pluginlib__plugin/my_robot_hardware
[2.720s] -- Up-to-date symlink: /home/sudhansu/Desktop/ros2_intermediate_cource/my_ws/install/my_robot_hardware/share/my_robot_hardware/cmake/my_robot_hardwareConfig.cmake
[2.720s] -- Up-to-date symlink: /home/sudhansu/Desktop/ros2_intermediate_cource/my_ws/install/my_robot_hardware/share/my_robot_hardware/cmake/my_robot_hardwareConfig-version.cmake
[2.720s] -- Up-to-date symlink: /home/sudhansu/Desktop/ros2_intermediate_cource/my_ws/install/my_robot_hardware/share/my_robot_hardware/package.xml
[2.722s] Invoked command in '/home/sudhansu/Desktop/ros2_intermediate_cource/my_ws/build/my_robot_hardware' returned '0': CMAKE_PREFIX_PATH=${CMAKE_PREFIX_PATH}:/home/sudhansu/install/my_robot_controller:/home/sudhansu/Desktop/ROS2/ros2_workspace/install/urdf_rviz_r2d2:/home/sudhansu/Desktop/ROS2/ros2_workspace/install/py_srvcli:/home/sudhansu/Desktop/ROS2/ros2_workspace/install/my_robot_controller:/opt/ros/humble /usr/bin/cmake --install /home/sudhansu/Desktop/ros2_intermediate_cource/my_ws/build/my_robot_hardware
