[0.570s] DEBUG:colcon:Command line arguments: ['/usr/bin/colcon', 'build', '--symlink-install']
[0.571s] DEBUG:colcon:Parsed command line arguments: Namespace(log_base=None, log_level=None, verb_name='build', build_base='build', install_base='install', merge_install=False, symlink_install=True, test_result_base=None, continue_on_error=False, executor='parallel', parallel_workers=8, event_handlers=None, ignore_user_meta=False, metas=['./colcon.meta'], base_paths=['.'], packages_ignore=None, packages_ignore_regex=None, paths=None, packages_up_to=None, packages_up_to_regex=None, packages_above=None, packages_above_and_dependencies=None, packages_above_depth=None, packages_select_by_dep=None, packages_skip_by_dep=None, packages_skip_up_to=None, packages_select_build_failed=False, packages_skip_build_finished=False, packages_select_test_failures=False, packages_skip_test_passed=False, packages_select=None, packages_skip=None, packages_select_regex=None, packages_skip_regex=None, packages_start=None, packages_end=None, allow_overriding=[], cmake_args=None, cmake_target=None, cmake_target_skip_unavailable=False, cmake_clean_cache=False, cmake_clean_first=False, cmake_force_configure=False, ament_cmake_args=None, catkin_cmake_args=None, catkin_skip_building_tests=False, verb_parser=<colcon_defaults.argument_parser.defaults.DefaultArgumentsDecorator object at 0x73c2f3e51780>, verb_extension=<colcon_core.verb.build.BuildVerb object at 0x73c2f3fc6ce0>, main=<bound method BuildVerb.main of <colcon_core.verb.build.BuildVerb object at 0x73c2f3fc6ce0>>)
[1.741s] Level 1:colcon.colcon_core.package_discovery:discover_packages(colcon_meta) check parameters
[1.741s] Level 1:colcon.colcon_core.package_discovery:discover_packages(recursive) check parameters
[1.744s] Level 1:colcon.colcon_core.package_discovery:discover_packages(ignore) check parameters
[1.744s] Level 1:colcon.colcon_core.package_discovery:discover_packages(path) check parameters
[1.744s] Level 1:colcon.colcon_core.package_discovery:discover_packages(colcon_meta) discover
[1.744s] Level 1:colcon.colcon_core.package_discovery:discover_packages(recursive) discover
[1.744s] INFO:colcon.colcon_core.package_discovery:Crawling recursively for packages in '/home/sudhansu/Desktop/ros2_intermediate_cource/my_ws'
[1.745s] Level 1:colcon.colcon_core.package_identification:_identify(.) by extensions ['ignore', 'ignore_ament_install']
[1.745s] Level 1:colcon.colcon_core.package_identification:_identify(.) by extension 'ignore'
[1.745s] Level 1:colcon.colcon_core.package_identification:_identify(.) by extension 'ignore_ament_install'
[1.745s] Level 1:colcon.colcon_core.package_identification:_identify(.) by extensions ['colcon_pkg']
[1.746s] Level 1:colcon.colcon_core.package_identification:_identify(.) by extension 'colcon_pkg'
[1.746s] Level 1:colcon.colcon_core.package_identification:_identify(.) by extensions ['colcon_meta']
[1.746s] Level 1:colcon.colcon_core.package_identification:_identify(.) by extension 'colcon_meta'
[1.746s] Level 1:colcon.colcon_core.package_identification:_identify(.) by extensions ['ros']
[1.746s] Level 1:colcon.colcon_core.package_identification:_identify(.) by extension 'ros'
[1.813s] Level 1:colcon.colcon_core.package_identification:_identify(.) by extensions ['cmake', 'python']
[1.814s] Level 1:colcon.colcon_core.package_identification:_identify(.) by extension 'cmake'
[1.814s] Level 1:colcon.colcon_core.package_identification:_identify(.) by extension 'python'
[1.814s] Level 1:colcon.colcon_core.package_identification:_identify(.) by extensions ['python_setup_py']
[1.814s] Level 1:colcon.colcon_core.package_identification:_identify(.) by extension 'python_setup_py'
[1.815s] Level 1:colcon.colcon_core.package_identification:_identify(build) by extensions ['ignore', 'ignore_ament_install']
[1.815s] Level 1:colcon.colcon_core.package_identification:_identify(build) by extension 'ignore'
[1.815s] Level 1:colcon.colcon_core.package_identification:_identify(build) ignored
[1.816s] Level 1:colcon.colcon_core.package_identification:_identify(install) by extensions ['ignore', 'ignore_ament_install']
[1.817s] Level 1:colcon.colcon_core.package_identification:_identify(install) by extension 'ignore'
[1.817s] Level 1:colcon.colcon_core.package_identification:_identify(install) ignored
[1.817s] Level 1:colcon.colcon_core.package_identification:_identify(log) by extensions ['ignore', 'ignore_ament_install']
[1.818s] Level 1:colcon.colcon_core.package_identification:_identify(log) by extension 'ignore'
[1.818s] Level 1:colcon.colcon_core.package_identification:_identify(log) ignored
[1.818s] Level 1:colcon.colcon_core.package_identification:_identify(src) by extensions ['ignore', 'ignore_ament_install']
[1.818s] Level 1:colcon.colcon_core.package_identification:_identify(src) by extension 'ignore'
[1.818s] Level 1:colcon.colcon_core.package_identification:_identify(src) by extension 'ignore_ament_install'
[1.819s] Level 1:colcon.colcon_core.package_identification:_identify(src) by extensions ['colcon_pkg']
[1.819s] Level 1:colcon.colcon_core.package_identification:_identify(src) by extension 'colcon_pkg'
[1.819s] Level 1:colcon.colcon_core.package_identification:_identify(src) by extensions ['colcon_meta']
[1.819s] Level 1:colcon.colcon_core.package_identification:_identify(src) by extension 'colcon_meta'
[1.819s] Level 1:colcon.colcon_core.package_identification:_identify(src) by extensions ['ros']
[1.819s] Level 1:colcon.colcon_core.package_identification:_identify(src) by extension 'ros'
[1.820s] Level 1:colcon.colcon_core.package_identification:_identify(src) by extensions ['cmake', 'python']
[1.820s] Level 1:colcon.colcon_core.package_identification:_identify(src) by extension 'cmake'
[1.820s] Level 1:colcon.colcon_core.package_identification:_identify(src) by extension 'python'
[1.820s] Level 1:colcon.colcon_core.package_identification:_identify(src) by extensions ['python_setup_py']
[1.820s] Level 1:colcon.colcon_core.package_identification:_identify(src) by extension 'python_setup_py'
[1.820s] Level 1:colcon.colcon_core.package_identification:_identify(src/build) by extensions ['ignore', 'ignore_ament_install']
[1.821s] Level 1:colcon.colcon_core.package_identification:_identify(src/build) by extension 'ignore'
[1.821s] Level 1:colcon.colcon_core.package_identification:_identify(src/build) ignored
[1.821s] Level 1:colcon.colcon_core.package_identification:_identify(src/install) by extensions ['ignore', 'ignore_ament_install']
[1.822s] Level 1:colcon.colcon_core.package_identification:_identify(src/install) by extension 'ignore'
[1.822s] Level 1:colcon.colcon_core.package_identification:_identify(src/install) ignored
[1.823s] Level 1:colcon.colcon_core.package_identification:_identify(src/log) by extensions ['ignore', 'ignore_ament_install']
[1.823s] Level 1:colcon.colcon_core.package_identification:_identify(src/log) by extension 'ignore'
[1.824s] Level 1:colcon.colcon_core.package_identification:_identify(src/log) ignored
[1.824s] Level 1:colcon.colcon_core.package_identification:_identify(src/my_robot_bringup) by extensions ['ignore', 'ignore_ament_install']
[1.824s] Level 1:colcon.colcon_core.package_identification:_identify(src/my_robot_bringup) by extension 'ignore'
[1.824s] Level 1:colcon.colcon_core.package_identification:_identify(src/my_robot_bringup) by extension 'ignore_ament_install'
[1.825s] Level 1:colcon.colcon_core.package_identification:_identify(src/my_robot_bringup) by extensions ['colcon_pkg']
[1.825s] Level 1:colcon.colcon_core.package_identification:_identify(src/my_robot_bringup) by extension 'colcon_pkg'
[1.825s] Level 1:colcon.colcon_core.package_identification:_identify(src/my_robot_bringup) by extensions ['colcon_meta']
[1.825s] Level 1:colcon.colcon_core.package_identification:_identify(src/my_robot_bringup) by extension 'colcon_meta'
[1.825s] Level 1:colcon.colcon_core.package_identification:_identify(src/my_robot_bringup) by extensions ['ros']
[1.825s] Level 1:colcon.colcon_core.package_identification:_identify(src/my_robot_bringup) by extension 'ros'
[1.838s] DEBUG:colcon.colcon_core.package_identification:Package 'src/my_robot_bringup' with type 'ros.ament_cmake' and name 'my_robot_bringup'
[1.838s] Level 1:colcon.colcon_core.package_identification:_identify(src/my_robot_description) by extensions ['ignore', 'ignore_ament_install']
[1.880s] Level 1:colcon.colcon_core.package_identification:_identify(src/my_robot_description) by extension 'ignore'
[1.881s] Level 1:colcon.colcon_core.package_identification:_identify(src/my_robot_description) by extension 'ignore_ament_install'
[1.881s] Level 1:colcon.colcon_core.package_identification:_identify(src/my_robot_description) by extensions ['colcon_pkg']
[1.881s] Level 1:colcon.colcon_core.package_identification:_identify(src/my_robot_description) by extension 'colcon_pkg'
[1.882s] Level 1:colcon.colcon_core.package_identification:_identify(src/my_robot_description) by extensions ['colcon_meta']
[1.882s] Level 1:colcon.colcon_core.package_identification:_identify(src/my_robot_description) by extension 'colcon_meta'
[1.882s] Level 1:colcon.colcon_core.package_identification:_identify(src/my_robot_description) by extensions ['ros']
[1.883s] Level 1:colcon.colcon_core.package_identification:_identify(src/my_robot_description) by extension 'ros'
[1.886s] DEBUG:colcon.colcon_core.package_identification:Package 'src/my_robot_description' with type 'ros.ament_cmake' and name 'my_robot_description'
[1.887s] Level 1:colcon.colcon_core.package_discovery:discover_packages(recursive) using defaults
[1.888s] Level 1:colcon.colcon_core.package_discovery:discover_packages(ignore) discover
[1.888s] Level 1:colcon.colcon_core.package_discovery:discover_packages(ignore) using defaults
[1.888s] Level 1:colcon.colcon_core.package_discovery:discover_packages(path) discover
[1.888s] Level 1:colcon.colcon_core.package_discovery:discover_packages(path) using defaults
[2.015s] Level 1:colcon.colcon_core.package_discovery:discover_packages(prefix_path) check parameters
[2.016s] Level 1:colcon.colcon_core.package_discovery:discover_packages(prefix_path) discover
[2.026s] DEBUG:colcon.colcon_installed_package_information.package_discovery:Found 2 installed packages in /home/sudhansu/Desktop/ros2_intermediate_cource/my_ws/install
[2.029s] DEBUG:colcon.colcon_installed_package_information.package_discovery:Found 1 installed packages in /home/sudhansu/install
[2.032s] DEBUG:colcon.colcon_installed_package_information.package_discovery:Found 4 installed packages in /home/sudhansu/Desktop/ROS2/ros2_workspace/install
[2.043s] DEBUG:colcon.colcon_installed_package_information.package_discovery:Found 377 installed packages in /opt/ros/humble
[2.053s] Level 1:colcon.colcon_core.package_discovery:discover_packages(prefix_path) using defaults
[2.329s] Level 5:colcon.colcon_core.verb:set package 'my_robot_bringup' build argument 'cmake_args' from command line to 'None'
[2.330s] Level 5:colcon.colcon_core.verb:set package 'my_robot_bringup' build argument 'cmake_target' from command line to 'None'
[2.330s] Level 5:colcon.colcon_core.verb:set package 'my_robot_bringup' build argument 'cmake_target_skip_unavailable' from command line to 'False'
[2.330s] Level 5:colcon.colcon_core.verb:set package 'my_robot_bringup' build argument 'cmake_clean_cache' from command line to 'False'
[2.330s] Level 5:colcon.colcon_core.verb:set package 'my_robot_bringup' build argument 'cmake_clean_first' from command line to 'False'
[2.330s] Level 5:colcon.colcon_core.verb:set package 'my_robot_bringup' build argument 'cmake_force_configure' from command line to 'False'
[2.330s] Level 5:colcon.colcon_core.verb:set package 'my_robot_bringup' build argument 'ament_cmake_args' from command line to 'None'
[2.330s] Level 5:colcon.colcon_core.verb:set package 'my_robot_bringup' build argument 'catkin_cmake_args' from command line to 'None'
[2.330s] Level 5:colcon.colcon_core.verb:set package 'my_robot_bringup' build argument 'catkin_skip_building_tests' from command line to 'False'
[2.331s] DEBUG:colcon.colcon_core.verb:Building package 'my_robot_bringup' with the following arguments: {'ament_cmake_args': None, 'build_base': '/home/sudhansu/Desktop/ros2_intermediate_cource/my_ws/build/my_robot_bringup', 'catkin_cmake_args': None, 'catkin_skip_building_tests': False, 'cmake_args': None, 'cmake_clean_cache': False, 'cmake_clean_first': False, 'cmake_force_configure': False, 'cmake_target': None, 'cmake_target_skip_unavailable': False, 'install_base': '/home/sudhansu/Desktop/ros2_intermediate_cource/my_ws/install/my_robot_bringup', 'merge_install': False, 'path': '/home/sudhansu/Desktop/ros2_intermediate_cource/my_ws/src/my_robot_bringup', 'symlink_install': True, 'test_result_base': None}
[2.334s] Level 5:colcon.colcon_core.verb:set package 'my_robot_description' build argument 'cmake_args' from command line to 'None'
[2.334s] Level 5:colcon.colcon_core.verb:set package 'my_robot_description' build argument 'cmake_target' from command line to 'None'
[2.335s] Level 5:colcon.colcon_core.verb:set package 'my_robot_description' build argument 'cmake_target_skip_unavailable' from command line to 'False'
[2.335s] Level 5:colcon.colcon_core.verb:set package 'my_robot_description' build argument 'cmake_clean_cache' from command line to 'False'
[2.335s] Level 5:colcon.colcon_core.verb:set package 'my_robot_description' build argument 'cmake_clean_first' from command line to 'False'
[2.335s] Level 5:colcon.colcon_core.verb:set package 'my_robot_description' build argument 'cmake_force_configure' from command line to 'False'
[2.335s] Level 5:colcon.colcon_core.verb:set package 'my_robot_description' build argument 'ament_cmake_args' from command line to 'None'
[2.335s] Level 5:colcon.colcon_core.verb:set package 'my_robot_description' build argument 'catkin_cmake_args' from command line to 'None'
[2.335s] Level 5:colcon.colcon_core.verb:set package 'my_robot_description' build argument 'catkin_skip_building_tests' from command line to 'False'
[2.336s] DEBUG:colcon.colcon_core.verb:Building package 'my_robot_description' with the following arguments: {'ament_cmake_args': None, 'build_base': '/home/sudhansu/Desktop/ros2_intermediate_cource/my_ws/build/my_robot_description', 'catkin_cmake_args': None, 'catkin_skip_building_tests': False, 'cmake_args': None, 'cmake_clean_cache': False, 'cmake_clean_first': False, 'cmake_force_configure': False, 'cmake_target': None, 'cmake_target_skip_unavailable': False, 'install_base': '/home/sudhansu/Desktop/ros2_intermediate_cource/my_ws/install/my_robot_description', 'merge_install': False, 'path': '/home/sudhansu/Desktop/ros2_intermediate_cource/my_ws/src/my_robot_description', 'symlink_install': True, 'test_result_base': None}
[2.337s] INFO:colcon.colcon_core.executor:Executing jobs using 'parallel' executor
[2.341s] DEBUG:colcon.colcon_parallel_executor.executor.parallel:run_until_complete
[2.341s] INFO:colcon.colcon_ros.task.ament_cmake.build:Building ROS package in '/home/sudhansu/Desktop/ros2_intermediate_cource/my_ws/src/my_robot_bringup' with build type 'ament_cmake'
[2.342s] INFO:colcon.colcon_cmake.task.cmake.build:Building CMake package in '/home/sudhansu/Desktop/ros2_intermediate_cource/my_ws/src/my_robot_bringup'
[2.355s] INFO:colcon.colcon_core.plugin_system:Skipping extension 'colcon_core.shell.bat': Not used on non-Windows systems
[2.357s] INFO:colcon.colcon_core.shell:Skip shell extension 'powershell' for command environment: Not usable outside of PowerShell
[2.357s] DEBUG:colcon.colcon_core.shell:Skip shell extension 'dsv' for command environment
[2.381s] INFO:colcon.colcon_ros.task.ament_cmake.build:Building ROS package in '/home/sudhansu/Desktop/ros2_intermediate_cource/my_ws/src/my_robot_description' with build type 'ament_cmake'
[2.382s] INFO:colcon.colcon_cmake.task.cmake.build:Building CMake package in '/home/sudhansu/Desktop/ros2_intermediate_cource/my_ws/src/my_robot_description'
[2.383s] INFO:colcon.colcon_core.shell:Skip shell extension 'powershell' for command environment: Not usable outside of PowerShell
[2.383s] DEBUG:colcon.colcon_core.shell:Skip shell extension 'dsv' for command environment
[2.435s] DEBUG:colcon.colcon_core.event_handler.log_command:Invoking command in '/home/sudhansu/Desktop/ros2_intermediate_cource/my_ws/build/my_robot_bringup': CMAKE_PREFIX_PATH=${CMAKE_PREFIX_PATH}:/home/sudhansu/install/my_robot_controller:/home/sudhansu/Desktop/ROS2/ros2_workspace/install/urdf_rviz_r2d2:/home/sudhansu/Desktop/ROS2/ros2_workspace/install/py_srvcli:/home/sudhansu/Desktop/ROS2/ros2_workspace/install/my_robot_controller:/opt/ros/humble /usr/bin/cmake --build /home/sudhansu/Desktop/ros2_intermediate_cource/my_ws/build/my_robot_bringup -- -j8 -l8
[2.466s] DEBUG:colcon.colcon_core.event_handler.log_command:Invoking command in '/home/sudhansu/Desktop/ros2_intermediate_cource/my_ws/build/my_robot_description': CMAKE_PREFIX_PATH=${CMAKE_PREFIX_PATH}:/home/sudhansu/install/my_robot_controller:/home/sudhansu/Desktop/ROS2/ros2_workspace/install/urdf_rviz_r2d2:/home/sudhansu/Desktop/ROS2/ros2_workspace/install/py_srvcli:/home/sudhansu/Desktop/ROS2/ros2_workspace/install/my_robot_controller:/opt/ros/humble /usr/bin/cmake --build /home/sudhansu/Desktop/ros2_intermediate_cource/my_ws/build/my_robot_description -- -j8 -l8
[2.617s] DEBUG:colcon.colcon_core.event_handler.log_command:Invoked command in '/home/sudhansu/Desktop/ros2_intermediate_cource/my_ws/build/my_robot_bringup' returned '0': CMAKE_PREFIX_PATH=${CMAKE_PREFIX_PATH}:/home/sudhansu/install/my_robot_controller:/home/sudhansu/Desktop/ROS2/ros2_workspace/install/urdf_rviz_r2d2:/home/sudhansu/Desktop/ROS2/ros2_workspace/install/py_srvcli:/home/sudhansu/Desktop/ROS2/ros2_workspace/install/my_robot_controller:/opt/ros/humble /usr/bin/cmake --build /home/sudhansu/Desktop/ros2_intermediate_cource/my_ws/build/my_robot_bringup -- -j8 -l8
[2.673s] DEBUG:colcon.colcon_core.event_handler.log_command:Invoking command in '/home/sudhansu/Desktop/ros2_intermediate_cource/my_ws/build/my_robot_bringup': CMAKE_PREFIX_PATH=${CMAKE_PREFIX_PATH}:/home/sudhansu/install/my_robot_controller:/home/sudhansu/Desktop/ROS2/ros2_workspace/install/urdf_rviz_r2d2:/home/sudhansu/Desktop/ROS2/ros2_workspace/install/py_srvcli:/home/sudhansu/Desktop/ROS2/ros2_workspace/install/my_robot_controller:/opt/ros/humble /usr/bin/cmake --install /home/sudhansu/Desktop/ros2_intermediate_cource/my_ws/build/my_robot_bringup
[2.679s] DEBUG:colcon.colcon_core.event_handler.log_command:Invoked command in '/home/sudhansu/Desktop/ros2_intermediate_cource/my_ws/build/my_robot_description' returned '0': CMAKE_PREFIX_PATH=${CMAKE_PREFIX_PATH}:/home/sudhansu/install/my_robot_controller:/home/sudhansu/Desktop/ROS2/ros2_workspace/install/urdf_rviz_r2d2:/home/sudhansu/Desktop/ROS2/ros2_workspace/install/py_srvcli:/home/sudhansu/Desktop/ROS2/ros2_workspace/install/my_robot_controller:/opt/ros/humble /usr/bin/cmake --build /home/sudhansu/Desktop/ros2_intermediate_cource/my_ws/build/my_robot_description -- -j8 -l8
[2.689s] DEBUG:colcon.colcon_core.event_handler.log_command:Invoking command in '/home/sudhansu/Desktop/ros2_intermediate_cource/my_ws/build/my_robot_description': CMAKE_PREFIX_PATH=${CMAKE_PREFIX_PATH}:/home/sudhansu/install/my_robot_controller:/home/sudhansu/Desktop/ROS2/ros2_workspace/install/urdf_rviz_r2d2:/home/sudhansu/Desktop/ROS2/ros2_workspace/install/py_srvcli:/home/sudhansu/Desktop/ROS2/ros2_workspace/install/my_robot_controller:/opt/ros/humble /usr/bin/cmake --install /home/sudhansu/Desktop/ros2_intermediate_cource/my_ws/build/my_robot_description
[2.786s] Level 1:colcon.colcon_core.environment:create_environment_scripts_only(my_robot_description)
[2.788s] DEBUG:colcon.colcon_core.event_handler.log_command:Invoked command in '/home/sudhansu/Desktop/ros2_intermediate_cource/my_ws/build/my_robot_description' returned '0': CMAKE_PREFIX_PATH=${CMAKE_PREFIX_PATH}:/home/sudhansu/install/my_robot_controller:/home/sudhansu/Desktop/ROS2/ros2_workspace/install/urdf_rviz_r2d2:/home/sudhansu/Desktop/ROS2/ros2_workspace/install/py_srvcli:/home/sudhansu/Desktop/ROS2/ros2_workspace/install/my_robot_controller:/opt/ros/humble /usr/bin/cmake --install /home/sudhansu/Desktop/ros2_intermediate_cource/my_ws/build/my_robot_description
[2.801s] Level 1:colcon.colcon_core.environment:checking '/home/sudhansu/Desktop/ros2_intermediate_cource/my_ws/install/my_robot_description' for CMake module files
[2.803s] Level 1:colcon.colcon_core.environment:checking '/home/sudhansu/Desktop/ros2_intermediate_cource/my_ws/install/my_robot_description' for CMake config files
[2.808s] Level 1:colcon.colcon_core.shell:create_environment_hook('my_robot_description', 'cmake_prefix_path')
[2.810s] INFO:colcon.colcon_core.shell:Creating environment hook '/home/sudhansu/Desktop/ros2_intermediate_cource/my_ws/install/my_robot_description/share/my_robot_description/hook/cmake_prefix_path.ps1'
[2.821s] INFO:colcon.colcon_core.shell:Creating environment descriptor '/home/sudhansu/Desktop/ros2_intermediate_cource/my_ws/install/my_robot_description/share/my_robot_description/hook/cmake_prefix_path.dsv'
[2.823s] INFO:colcon.colcon_core.shell:Creating environment hook '/home/sudhansu/Desktop/ros2_intermediate_cource/my_ws/install/my_robot_description/share/my_robot_description/hook/cmake_prefix_path.sh'
[2.828s] Level 1:colcon.colcon_core.environment:checking '/home/sudhansu/Desktop/ros2_intermediate_cource/my_ws/install/my_robot_description/bin'
[2.829s] Level 1:colcon.colcon_core.environment:checking '/home/sudhansu/Desktop/ros2_intermediate_cource/my_ws/install/my_robot_description/lib/pkgconfig/my_robot_description.pc'
[2.830s] Level 1:colcon.colcon_core.environment:checking '/home/sudhansu/Desktop/ros2_intermediate_cource/my_ws/install/my_robot_description/lib/python3.10/site-packages'
[2.831s] Level 1:colcon.colcon_core.environment:checking '/home/sudhansu/Desktop/ros2_intermediate_cource/my_ws/install/my_robot_description/bin'
[2.832s] INFO:colcon.colcon_core.shell:Creating package script '/home/sudhansu/Desktop/ros2_intermediate_cource/my_ws/install/my_robot_description/share/my_robot_description/package.ps1'
[2.836s] INFO:colcon.colcon_core.shell:Creating package descriptor '/home/sudhansu/Desktop/ros2_intermediate_cource/my_ws/install/my_robot_description/share/my_robot_description/package.dsv'
[2.840s] INFO:colcon.colcon_core.shell:Creating package script '/home/sudhansu/Desktop/ros2_intermediate_cource/my_ws/install/my_robot_description/share/my_robot_description/package.sh'
[2.843s] INFO:colcon.colcon_core.shell:Creating package script '/home/sudhansu/Desktop/ros2_intermediate_cource/my_ws/install/my_robot_description/share/my_robot_description/package.bash'
[2.852s] INFO:colcon.colcon_core.shell:Creating package script '/home/sudhansu/Desktop/ros2_intermediate_cource/my_ws/install/my_robot_description/share/my_robot_description/package.zsh'
[2.856s] Level 1:colcon.colcon_core.environment:create_file_with_runtime_dependencies(/home/sudhansu/Desktop/ros2_intermediate_cource/my_ws/install/my_robot_description/share/colcon-core/packages/my_robot_description)
[2.858s] Level 1:colcon.colcon_core.environment:create_environment_scripts_only(my_robot_description)
[2.858s] Level 1:colcon.colcon_core.environment:checking '/home/sudhansu/Desktop/ros2_intermediate_cource/my_ws/install/my_robot_description' for CMake module files
[2.862s] Level 1:colcon.colcon_core.environment:checking '/home/sudhansu/Desktop/ros2_intermediate_cource/my_ws/install/my_robot_description' for CMake config files
[2.867s] Level 1:colcon.colcon_core.shell:create_environment_hook('my_robot_description', 'cmake_prefix_path')
[2.869s] INFO:colcon.colcon_core.shell:Creating environment hook '/home/sudhansu/Desktop/ros2_intermediate_cource/my_ws/install/my_robot_description/share/my_robot_description/hook/cmake_prefix_path.ps1'
[2.873s] INFO:colcon.colcon_core.shell:Creating environment descriptor '/home/sudhansu/Desktop/ros2_intermediate_cource/my_ws/install/my_robot_description/share/my_robot_description/hook/cmake_prefix_path.dsv'
[2.875s] INFO:colcon.colcon_core.shell:Creating environment hook '/home/sudhansu/Desktop/ros2_intermediate_cource/my_ws/install/my_robot_description/share/my_robot_description/hook/cmake_prefix_path.sh'
[2.879s] Level 1:colcon.colcon_core.environment:checking '/home/sudhansu/Desktop/ros2_intermediate_cource/my_ws/install/my_robot_description/bin'
[2.879s] Level 1:colcon.colcon_core.environment:checking '/home/sudhansu/Desktop/ros2_intermediate_cource/my_ws/install/my_robot_description/lib/pkgconfig/my_robot_description.pc'
[2.881s] Level 1:colcon.colcon_core.environment:checking '/home/sudhansu/Desktop/ros2_intermediate_cource/my_ws/install/my_robot_description/lib/python3.10/site-packages'
[2.882s] Level 1:colcon.colcon_core.environment:checking '/home/sudhansu/Desktop/ros2_intermediate_cource/my_ws/install/my_robot_description/bin'
[2.883s] INFO:colcon.colcon_core.shell:Creating package script '/home/sudhansu/Desktop/ros2_intermediate_cource/my_ws/install/my_robot_description/share/my_robot_description/package.ps1'
[2.885s] INFO:colcon.colcon_core.shell:Creating package descriptor '/home/sudhansu/Desktop/ros2_intermediate_cource/my_ws/install/my_robot_description/share/my_robot_description/package.dsv'
[2.887s] INFO:colcon.colcon_core.shell:Creating package script '/home/sudhansu/Desktop/ros2_intermediate_cource/my_ws/install/my_robot_description/share/my_robot_description/package.sh'
[2.888s] INFO:colcon.colcon_core.shell:Creating package script '/home/sudhansu/Desktop/ros2_intermediate_cource/my_ws/install/my_robot_description/share/my_robot_description/package.bash'
[2.890s] INFO:colcon.colcon_core.shell:Creating package script '/home/sudhansu/Desktop/ros2_intermediate_cource/my_ws/install/my_robot_description/share/my_robot_description/package.zsh'
[2.891s] Level 1:colcon.colcon_core.environment:create_file_with_runtime_dependencies(/home/sudhansu/Desktop/ros2_intermediate_cource/my_ws/install/my_robot_description/share/colcon-core/packages/my_robot_description)
[2.897s] Level 1:colcon.colcon_core.environment:create_environment_scripts_only(my_robot_bringup)
[2.900s] Level 1:colcon.colcon_core.environment:checking '/home/sudhansu/Desktop/ros2_intermediate_cource/my_ws/install/my_robot_bringup' for CMake module files
[2.906s] DEBUG:colcon.colcon_core.event_handler.log_command:Invoked command in '/home/sudhansu/Desktop/ros2_intermediate_cource/my_ws/build/my_robot_bringup' returned '0': CMAKE_PREFIX_PATH=${CMAKE_PREFIX_PATH}:/home/sudhansu/install/my_robot_controller:/home/sudhansu/Desktop/ROS2/ros2_workspace/install/urdf_rviz_r2d2:/home/sudhansu/Desktop/ROS2/ros2_workspace/install/py_srvcli:/home/sudhansu/Desktop/ROS2/ros2_workspace/install/my_robot_controller:/opt/ros/humble /usr/bin/cmake --install /home/sudhansu/Desktop/ros2_intermediate_cource/my_ws/build/my_robot_bringup
[2.908s] Level 1:colcon.colcon_core.environment:checking '/home/sudhansu/Desktop/ros2_intermediate_cource/my_ws/install/my_robot_bringup' for CMake config files
[2.910s] Level 1:colcon.colcon_core.shell:create_environment_hook('my_robot_bringup', 'cmake_prefix_path')
[2.911s] INFO:colcon.colcon_core.shell:Creating environment hook '/home/sudhansu/Desktop/ros2_intermediate_cource/my_ws/install/my_robot_bringup/share/my_robot_bringup/hook/cmake_prefix_path.ps1'
[2.914s] INFO:colcon.colcon_core.shell:Creating environment descriptor '/home/sudhansu/Desktop/ros2_intermediate_cource/my_ws/install/my_robot_bringup/share/my_robot_bringup/hook/cmake_prefix_path.dsv'
[2.915s] INFO:colcon.colcon_core.shell:Creating environment hook '/home/sudhansu/Desktop/ros2_intermediate_cource/my_ws/install/my_robot_bringup/share/my_robot_bringup/hook/cmake_prefix_path.sh'
[2.917s] Level 1:colcon.colcon_core.environment:checking '/home/sudhansu/Desktop/ros2_intermediate_cource/my_ws/install/my_robot_bringup/bin'
[2.918s] Level 1:colcon.colcon_core.environment:checking '/home/sudhansu/Desktop/ros2_intermediate_cource/my_ws/install/my_robot_bringup/lib/pkgconfig/my_robot_bringup.pc'
[2.918s] Level 1:colcon.colcon_core.environment:checking '/home/sudhansu/Desktop/ros2_intermediate_cource/my_ws/install/my_robot_bringup/lib/python3.10/site-packages'
[2.919s] Level 1:colcon.colcon_core.environment:checking '/home/sudhansu/Desktop/ros2_intermediate_cource/my_ws/install/my_robot_bringup/bin'
[2.920s] INFO:colcon.colcon_core.shell:Creating package script '/home/sudhansu/Desktop/ros2_intermediate_cource/my_ws/install/my_robot_bringup/share/my_robot_bringup/package.ps1'
[2.921s] INFO:colcon.colcon_core.shell:Creating package descriptor '/home/sudhansu/Desktop/ros2_intermediate_cource/my_ws/install/my_robot_bringup/share/my_robot_bringup/package.dsv'
[2.922s] INFO:colcon.colcon_core.shell:Creating package script '/home/sudhansu/Desktop/ros2_intermediate_cource/my_ws/install/my_robot_bringup/share/my_robot_bringup/package.sh'
[2.924s] INFO:colcon.colcon_core.shell:Creating package script '/home/sudhansu/Desktop/ros2_intermediate_cource/my_ws/install/my_robot_bringup/share/my_robot_bringup/package.bash'
[2.925s] INFO:colcon.colcon_core.shell:Creating package script '/home/sudhansu/Desktop/ros2_intermediate_cource/my_ws/install/my_robot_bringup/share/my_robot_bringup/package.zsh'
[2.927s] Level 1:colcon.colcon_core.environment:create_file_with_runtime_dependencies(/home/sudhansu/Desktop/ros2_intermediate_cource/my_ws/install/my_robot_bringup/share/colcon-core/packages/my_robot_bringup)
[2.929s] Level 1:colcon.colcon_core.environment:create_environment_scripts_only(my_robot_bringup)
[2.931s] Level 1:colcon.colcon_core.environment:checking '/home/sudhansu/Desktop/ros2_intermediate_cource/my_ws/install/my_robot_bringup' for CMake module files
[2.934s] Level 1:colcon.colcon_core.environment:checking '/home/sudhansu/Desktop/ros2_intermediate_cource/my_ws/install/my_robot_bringup' for CMake config files
[2.937s] Level 1:colcon.colcon_core.shell:create_environment_hook('my_robot_bringup', 'cmake_prefix_path')
[2.939s] INFO:colcon.colcon_core.shell:Creating environment hook '/home/sudhansu/Desktop/ros2_intermediate_cource/my_ws/install/my_robot_bringup/share/my_robot_bringup/hook/cmake_prefix_path.ps1'
[2.940s] INFO:colcon.colcon_core.shell:Creating environment descriptor '/home/sudhansu/Desktop/ros2_intermediate_cource/my_ws/install/my_robot_bringup/share/my_robot_bringup/hook/cmake_prefix_path.dsv'
[2.942s] INFO:colcon.colcon_core.shell:Creating environment hook '/home/sudhansu/Desktop/ros2_intermediate_cource/my_ws/install/my_robot_bringup/share/my_robot_bringup/hook/cmake_prefix_path.sh'
[2.945s] Level 1:colcon.colcon_core.environment:checking '/home/sudhansu/Desktop/ros2_intermediate_cource/my_ws/install/my_robot_bringup/bin'
[2.945s] Level 1:colcon.colcon_core.environment:checking '/home/sudhansu/Desktop/ros2_intermediate_cource/my_ws/install/my_robot_bringup/lib/pkgconfig/my_robot_bringup.pc'
[2.946s] Level 1:colcon.colcon_core.environment:checking '/home/sudhansu/Desktop/ros2_intermediate_cource/my_ws/install/my_robot_bringup/lib/python3.10/site-packages'
[2.947s] Level 1:colcon.colcon_core.environment:checking '/home/sudhansu/Desktop/ros2_intermediate_cource/my_ws/install/my_robot_bringup/bin'
[2.949s] INFO:colcon.colcon_core.shell:Creating package script '/home/sudhansu/Desktop/ros2_intermediate_cource/my_ws/install/my_robot_bringup/share/my_robot_bringup/package.ps1'
[2.956s] INFO:colcon.colcon_core.shell:Creating package descriptor '/home/sudhansu/Desktop/ros2_intermediate_cource/my_ws/install/my_robot_bringup/share/my_robot_bringup/package.dsv'
[2.960s] INFO:colcon.colcon_core.shell:Creating package script '/home/sudhansu/Desktop/ros2_intermediate_cource/my_ws/install/my_robot_bringup/share/my_robot_bringup/package.sh'
[2.962s] INFO:colcon.colcon_core.shell:Creating package script '/home/sudhansu/Desktop/ros2_intermediate_cource/my_ws/install/my_robot_bringup/share/my_robot_bringup/package.bash'
[2.964s] INFO:colcon.colcon_core.shell:Creating package script '/home/sudhansu/Desktop/ros2_intermediate_cource/my_ws/install/my_robot_bringup/share/my_robot_bringup/package.zsh'
[2.966s] Level 1:colcon.colcon_core.environment:create_file_with_runtime_dependencies(/home/sudhansu/Desktop/ros2_intermediate_cource/my_ws/install/my_robot_bringup/share/colcon-core/packages/my_robot_bringup)
[2.967s] DEBUG:colcon.colcon_parallel_executor.executor.parallel:closing loop
[2.968s] DEBUG:colcon.colcon_parallel_executor.executor.parallel:loop closed
[2.969s] DEBUG:colcon.colcon_parallel_executor.executor.parallel:run_until_complete finished with '0'
[2.969s] DEBUG:colcon.colcon_core.event_reactor:joining thread
[2.995s] INFO:colcon.colcon_core.plugin_system:Skipping extension 'colcon_notification.desktop_notification.terminal_notifier': Not used on non-Darwin systems
[2.996s] INFO:colcon.colcon_core.plugin_system:Skipping extension 'colcon_notification.desktop_notification.win32': Not used on non-Windows systems
[2.996s] INFO:colcon.colcon_notification.desktop_notification:Sending desktop notification using 'notify2'
[3.057s] DEBUG:colcon.colcon_core.event_reactor:joined thread
[3.059s] INFO:colcon.colcon_core.shell:Creating prefix script '/home/sudhansu/Desktop/ros2_intermediate_cource/my_ws/install/local_setup.ps1'
[3.063s] INFO:colcon.colcon_core.shell:Creating prefix util module '/home/sudhansu/Desktop/ros2_intermediate_cource/my_ws/install/_local_setup_util_ps1.py'
[3.071s] INFO:colcon.colcon_core.shell:Creating prefix chain script '/home/sudhansu/Desktop/ros2_intermediate_cource/my_ws/install/setup.ps1'
[3.079s] INFO:colcon.colcon_core.shell:Creating prefix script '/home/sudhansu/Desktop/ros2_intermediate_cource/my_ws/install/local_setup.sh'
[3.082s] INFO:colcon.colcon_core.shell:Creating prefix util module '/home/sudhansu/Desktop/ros2_intermediate_cource/my_ws/install/_local_setup_util_sh.py'
[3.085s] INFO:colcon.colcon_core.shell:Creating prefix chain script '/home/sudhansu/Desktop/ros2_intermediate_cource/my_ws/install/setup.sh'
[3.093s] INFO:colcon.colcon_core.shell:Creating prefix script '/home/sudhansu/Desktop/ros2_intermediate_cource/my_ws/install/local_setup.bash'
[3.097s] INFO:colcon.colcon_core.shell:Creating prefix chain script '/home/sudhansu/Desktop/ros2_intermediate_cource/my_ws/install/setup.bash'
[3.106s] INFO:colcon.colcon_core.shell:Creating prefix script '/home/sudhansu/Desktop/ros2_intermediate_cource/my_ws/install/local_setup.zsh'
[3.108s] INFO:colcon.colcon_core.shell:Creating prefix chain script '/home/sudhansu/Desktop/ros2_intermediate_cource/my_ws/install/setup.zsh'
