[0.018s] Invoking command in '/home/sudhansu/Desktop/ros2_intermediate_cource/my_ws/build/my_robot_bringup': CMAKE_PREFIX_PATH=${CMAKE_PREFIX_PATH}:/home/sudhansu/install/my_robot_controller:/home/sudhansu/Desktop/ROS2/ros2_workspace/install/urdf_rviz_r2d2:/home/sudhansu/Desktop/ROS2/ros2_workspace/install/py_srvcli:/home/sudhansu/Desktop/ROS2/ros2_workspace/install/my_robot_controller:/opt/ros/humble /usr/bin/cmake /home/sudhansu/Desktop/ros2_intermediate_cource/my_ws/src/my_robot_bringup -DAMENT_CMAKE_SYMLINK_INSTALL=1 -DCMAKE_INSTALL_PREFIX=/home/sudhansu/Desktop/ros2_intermediate_cource/my_ws/install/my_robot_bringup
[0.039s] -- Found ament_cmake: 1.3.11 (/opt/ros/humble/share/ament_cmake/cmake)
[0.202s] -- Override CMake install command with custom implementation using symlinks instead of copying resources
[0.306s] -- Configuring done
[0.309s] -- Generating done
[0.312s] -- Build files have been written to: /home/sudhansu/Desktop/ros2_intermediate_cource/my_ws/build/my_robot_bringup
[0.316s] Invoked command in '/home/sudhansu/Desktop/ros2_intermediate_cource/my_ws/build/my_robot_bringup' returned '0': CMAKE_PREFIX_PATH=${CMAKE_PREFIX_PATH}:/home/sudhansu/install/my_robot_controller:/home/sudhansu/Desktop/ROS2/ros2_workspace/install/urdf_rviz_r2d2:/home/sudhansu/Desktop/ROS2/ros2_workspace/install/py_srvcli:/home/sudhansu/Desktop/ROS2/ros2_workspace/install/my_robot_controller:/opt/ros/humble /usr/bin/cmake /home/sudhansu/Desktop/ros2_intermediate_cource/my_ws/src/my_robot_bringup -DAMENT_CMAKE_SYMLINK_INSTALL=1 -DCMAKE_INSTALL_PREFIX=/home/sudhansu/Desktop/ros2_intermediate_cource/my_ws/install/my_robot_bringup
[0.318s] Invoking command in '/home/sudhansu/Desktop/ros2_intermediate_cource/my_ws/build/my_robot_bringup': CMAKE_PREFIX_PATH=${CMAKE_PREFIX_PATH}:/home/sudhansu/install/my_robot_controller:/home/sudhansu/Desktop/ROS2/ros2_workspace/install/urdf_rviz_r2d2:/home/sudhansu/Desktop/ROS2/ros2_workspace/install/py_srvcli:/home/sudhansu/Desktop/ROS2/ros2_workspace/install/my_robot_controller:/opt/ros/humble /usr/bin/cmake --build /home/sudhansu/Desktop/ros2_intermediate_cource/my_ws/build/my_robot_bringup -- -j8 -l8
[0.369s] Invoked command in '/home/sudhansu/Desktop/ros2_intermediate_cource/my_ws/build/my_robot_bringup' returned '0': CMAKE_PREFIX_PATH=${CMAKE_PREFIX_PATH}:/home/sudhansu/install/my_robot_controller:/home/sudhansu/Desktop/ROS2/ros2_workspace/install/urdf_rviz_r2d2:/home/sudhansu/Desktop/ROS2/ros2_workspace/install/py_srvcli:/home/sudhansu/Desktop/ROS2/ros2_workspace/install/my_robot_controller:/opt/ros/humble /usr/bin/cmake --build /home/sudhansu/Desktop/ros2_intermediate_cource/my_ws/build/my_robot_bringup -- -j8 -l8
[0.371s] Invoking command in '/home/sudhansu/Desktop/ros2_intermediate_cource/my_ws/build/my_robot_bringup': CMAKE_PREFIX_PATH=${CMAKE_PREFIX_PATH}:/home/sudhansu/install/my_robot_controller:/home/sudhansu/Desktop/ROS2/ros2_workspace/install/urdf_rviz_r2d2:/home/sudhansu/Desktop/ROS2/ros2_workspace/install/py_srvcli:/home/sudhansu/Desktop/ROS2/ros2_workspace/install/my_robot_controller:/opt/ros/humble /usr/bin/cmake --install /home/sudhansu/Desktop/ros2_intermediate_cource/my_ws/build/my_robot_bringup
[0.378s] -- Install configuration: ""
[0.379s] -- Execute custom install script
[0.379s] -- Up-to-date symlink: /home/sudhansu/Desktop/ros2_intermediate_cource/my_ws/install/my_robot_bringup/share/my_robot_bringup//launch/my_robot_gazebo.launch.py
[0.379s] -- Up-to-date symlink: /home/sudhansu/Desktop/ros2_intermediate_cource/my_ws/install/my_robot_bringup/share/my_robot_bringup//launch/my_robot_gazebo.launch.xml
[0.380s] -- Up-to-date symlink: /home/sudhansu/Desktop/ros2_intermediate_cource/my_ws/install/my_robot_bringup/share/my_robot_bringup//launch/twist_mux_launch.py
[0.380s] -- Up-to-date symlink: /home/sudhansu/Desktop/ros2_intermediate_cource/my_ws/install/my_robot_bringup/share/my_robot_bringup//config/gazebo_bridge.yaml
[0.380s] -- Up-to-date symlink: /home/sudhansu/Desktop/ros2_intermediate_cource/my_ws/install/my_robot_bringup/share/my_robot_bringup//config/mapper_params_online_async.yaml
[0.380s] -- Up-to-date symlink: /home/sudhansu/Desktop/ros2_intermediate_cource/my_ws/install/my_robot_bringup/share/my_robot_bringup//config/twist_mux.yaml
[0.380s] -- Up-to-date symlink: /home/sudhansu/Desktop/ros2_intermediate_cource/my_ws/install/my_robot_bringup/share/my_robot_bringup//worlds/demo_world.sdf
[0.381s] -- Up-to-date symlink: /home/sudhansu/Desktop/ros2_intermediate_cource/my_ws/install/my_robot_bringup/share/my_robot_bringup//worlds/my_world.sdf
[0.381s] -- Up-to-date symlink: /home/sudhansu/Desktop/ros2_intermediate_cource/my_ws/install/my_robot_bringup/share/my_robot_bringup//worlds/new_world.sdf
[0.381s] -- Up-to-date symlink: /home/sudhansu/Desktop/ros2_intermediate_cource/my_ws/install/my_robot_bringup/share/my_robot_bringup//worlds/test_world.sdf
[0.381s] -- Up-to-date symlink: /home/sudhansu/Desktop/ros2_intermediate_cource/my_ws/install/my_robot_bringup/share/ament_index/resource_index/package_run_dependencies/my_robot_bringup
[0.381s] -- Up-to-date symlink: /home/sudhansu/Desktop/ros2_intermediate_cource/my_ws/install/my_robot_bringup/share/ament_index/resource_index/parent_prefix_path/my_robot_bringup
[0.382s] -- Up-to-date symlink: /home/sudhansu/Desktop/ros2_intermediate_cource/my_ws/install/my_robot_bringup/share/my_robot_bringup/environment/ament_prefix_path.sh
[0.382s] -- Up-to-date symlink: /home/sudhansu/Desktop/ros2_intermediate_cource/my_ws/install/my_robot_bringup/share/my_robot_bringup/environment/ament_prefix_path.dsv
[0.382s] -- Up-to-date symlink: /home/sudhansu/Desktop/ros2_intermediate_cource/my_ws/install/my_robot_bringup/share/my_robot_bringup/environment/path.sh
[0.382s] -- Up-to-date symlink: /home/sudhansu/Desktop/ros2_intermediate_cource/my_ws/install/my_robot_bringup/share/my_robot_bringup/environment/path.dsv
[0.382s] -- Up-to-date symlink: /home/sudhansu/Desktop/ros2_intermediate_cource/my_ws/install/my_robot_bringup/share/my_robot_bringup/local_setup.bash
[0.382s] -- Up-to-date symlink: /home/sudhansu/Desktop/ros2_intermediate_cource/my_ws/install/my_robot_bringup/share/my_robot_bringup/local_setup.sh
[0.383s] -- Up-to-date symlink: /home/sudhansu/Desktop/ros2_intermediate_cource/my_ws/install/my_robot_bringup/share/my_robot_bringup/local_setup.zsh
[0.383s] -- Up-to-date symlink: /home/sudhansu/Desktop/ros2_intermediate_cource/my_ws/install/my_robot_bringup/share/my_robot_bringup/local_setup.dsv
[0.383s] -- Symlinking: /home/sudhansu/Desktop/ros2_intermediate_cource/my_ws/install/my_robot_bringup/share/my_robot_bringup/package.dsv
[0.392s] -- Up-to-date symlink: /home/sudhansu/Desktop/ros2_intermediate_cource/my_ws/install/my_robot_bringup/share/ament_index/resource_index/packages/my_robot_bringup
[0.392s] -- Up-to-date symlink: /home/sudhansu/Desktop/ros2_intermediate_cource/my_ws/install/my_robot_bringup/share/my_robot_bringup/cmake/my_robot_bringupConfig.cmake
[0.392s] -- Up-to-date symlink: /home/sudhansu/Desktop/ros2_intermediate_cource/my_ws/install/my_robot_bringup/share/my_robot_bringup/cmake/my_robot_bringupConfig-version.cmake
[0.392s] -- Up-to-date symlink: /home/sudhansu/Desktop/ros2_intermediate_cource/my_ws/install/my_robot_bringup/share/my_robot_bringup/package.xml
[0.411s] Invoked command in '/home/sudhansu/Desktop/ros2_intermediate_cource/my_ws/build/my_robot_bringup' returned '0': CMAKE_PREFIX_PATH=${CMAKE_PREFIX_PATH}:/home/sudhansu/install/my_robot_controller:/home/sudhansu/Desktop/ROS2/ros2_workspace/install/urdf_rviz_r2d2:/home/sudhansu/Desktop/ROS2/ros2_workspace/install/py_srvcli:/home/sudhansu/Desktop/ROS2/ros2_workspace/install/my_robot_controller:/opt/ros/humble /usr/bin/cmake --install /home/sudhansu/Desktop/ros2_intermediate_cource/my_ws/build/my_robot_bringup
