[0.018s] Invoking command in '/home/sudhansu/Desktop/ros2_intermediate_cource/my_ws/src/build/my_robot_description': CMAKE_PREFIX_PATH=${CMAKE_PREFIX_PATH}:/home/sudhansu/Desktop/ROS2/ros2_workspace/install/urdf_rviz_r2d2:/home/sudhansu/Desktop/ROS2/ros2_workspace/install/py_srvcli:/home/sudhansu/Desktop/ROS2/ros2_workspace/install/my_robot_controller:/opt/ros/humble /usr/bin/cmake /home/sudhansu/Desktop/ros2_intermediate_cource/my_ws/src/my_robot_description -DCMAKE_INSTALL_PREFIX=/home/sudhansu/Desktop/ros2_intermediate_cource/my_ws/src/install/my_robot_description
[0.031s] -- Found ament_cmake: 1.3.11 (/opt/ros/humble/share/ament_cmake/cmake)
[0.166s] -- Override CMake install command with custom implementation using symlinks instead of copying resources
[0.246s] -- Configuring done
[0.250s] -- Generating done
[0.251s] -- Build files have been written to: /home/sudhansu/Desktop/ros2_intermediate_cource/my_ws/src/build/my_robot_description
[0.256s] Invoked command in '/home/sudhansu/Desktop/ros2_intermediate_cource/my_ws/src/build/my_robot_description' returned '0': CMAKE_PREFIX_PATH=${CMAKE_PREFIX_PATH}:/home/sudhansu/Desktop/ROS2/ros2_workspace/install/urdf_rviz_r2d2:/home/sudhansu/Desktop/ROS2/ros2_workspace/install/py_srvcli:/home/sudhansu/Desktop/ROS2/ros2_workspace/install/my_robot_controller:/opt/ros/humble /usr/bin/cmake /home/sudhansu/Desktop/ros2_intermediate_cource/my_ws/src/my_robot_description -DCMAKE_INSTALL_PREFIX=/home/sudhansu/Desktop/ros2_intermediate_cource/my_ws/src/install/my_robot_description
[0.258s] Invoking command in '/home/sudhansu/Desktop/ros2_intermediate_cource/my_ws/src/build/my_robot_description': CMAKE_PREFIX_PATH=${CMAKE_PREFIX_PATH}:/home/sudhansu/Desktop/ROS2/ros2_workspace/install/urdf_rviz_r2d2:/home/sudhansu/Desktop/ROS2/ros2_workspace/install/py_srvcli:/home/sudhansu/Desktop/ROS2/ros2_workspace/install/my_robot_controller:/opt/ros/humble /usr/bin/cmake --build /home/sudhansu/Desktop/ros2_intermediate_cource/my_ws/src/build/my_robot_description -- -j8 -l8
[0.303s] Invoked command in '/home/sudhansu/Desktop/ros2_intermediate_cource/my_ws/src/build/my_robot_description' returned '0': CMAKE_PREFIX_PATH=${CMAKE_PREFIX_PATH}:/home/sudhansu/Desktop/ROS2/ros2_workspace/install/urdf_rviz_r2d2:/home/sudhansu/Desktop/ROS2/ros2_workspace/install/py_srvcli:/home/sudhansu/Desktop/ROS2/ros2_workspace/install/my_robot_controller:/opt/ros/humble /usr/bin/cmake --build /home/sudhansu/Desktop/ros2_intermediate_cource/my_ws/src/build/my_robot_description -- -j8 -l8
[0.306s] Invoking command in '/home/sudhansu/Desktop/ros2_intermediate_cource/my_ws/src/build/my_robot_description': CMAKE_PREFIX_PATH=${CMAKE_PREFIX_PATH}:/home/sudhansu/Desktop/ROS2/ros2_workspace/install/urdf_rviz_r2d2:/home/sudhansu/Desktop/ROS2/ros2_workspace/install/py_srvcli:/home/sudhansu/Desktop/ROS2/ros2_workspace/install/my_robot_controller:/opt/ros/humble /usr/bin/cmake --install /home/sudhansu/Desktop/ros2_intermediate_cource/my_ws/src/build/my_robot_description
[0.313s] -- Install configuration: ""
[0.313s] -- Execute custom install script
[0.314s] -- Up-to-date symlink: /home/sudhansu/Desktop/ros2_intermediate_cource/my_ws/src/install/my_robot_description/share/my_robot_description//urdf/add_revolute.xacro
[0.314s] -- Up-to-date symlink: /home/sudhansu/Desktop/ros2_intermediate_cource/my_ws/src/install/my_robot_description/share/my_robot_description//urdf/common_properties.xacro
[0.314s] -- Up-to-date symlink: /home/sudhansu/Desktop/ros2_intermediate_cource/my_ws/src/install/my_robot_description/share/my_robot_description//urdf/mobile_base.xacro
[0.314s] -- Symlinking: /home/sudhansu/Desktop/ros2_intermediate_cource/my_ws/src/install/my_robot_description/share/my_robot_description//urdf/mobile_base_gazebo.xacro
[0.325s] -- Up-to-date symlink: /home/sudhansu/Desktop/ros2_intermediate_cource/my_ws/src/install/my_robot_description/share/my_robot_description//urdf/my_robot.urdf
[0.326s] -- Up-to-date symlink: /home/sudhansu/Desktop/ros2_intermediate_cource/my_ws/src/install/my_robot_description/share/my_robot_description//urdf/my_robot_improved.urdf.xacro
[0.326s] -- Up-to-date symlink: /home/sudhansu/Desktop/ros2_intermediate_cource/my_ws/src/install/my_robot_description/share/my_robot_description//urdf/my_robot_main.urdf.xacro
[0.326s] -- Up-to-date symlink: /home/sudhansu/Desktop/ros2_intermediate_cource/my_ws/src/install/my_robot_description/share/my_robot_description//launch/display.launch.py
[0.326s] -- Up-to-date symlink: /home/sudhansu/Desktop/ros2_intermediate_cource/my_ws/src/install/my_robot_description/share/my_robot_description//launch/display.launch.xml
[0.326s] -- Symlinking: /home/sudhansu/Desktop/ros2_intermediate_cource/my_ws/src/install/my_robot_description/share/my_robot_description//rviz/rviz_config.rviz
[0.335s] -- Up-to-date symlink: /home/sudhansu/Desktop/ros2_intermediate_cource/my_ws/src/install/my_robot_description/share/my_robot_description//rviz/urdf_config.rviz
[0.335s] -- Up-to-date symlink: /home/sudhansu/Desktop/ros2_intermediate_cource/my_ws/src/install/my_robot_description/share/my_robot_description//rviz/urdf_config_1.rviz
[0.335s] -- Up-to-date symlink: /home/sudhansu/Desktop/ros2_intermediate_cource/my_ws/src/install/my_robot_description/share/ament_index/resource_index/package_run_dependencies/my_robot_description
[0.335s] -- Up-to-date symlink: /home/sudhansu/Desktop/ros2_intermediate_cource/my_ws/src/install/my_robot_description/share/ament_index/resource_index/parent_prefix_path/my_robot_description
[0.336s] -- Up-to-date symlink: /home/sudhansu/Desktop/ros2_intermediate_cource/my_ws/src/install/my_robot_description/share/my_robot_description/environment/ament_prefix_path.sh
[0.336s] -- Up-to-date symlink: /home/sudhansu/Desktop/ros2_intermediate_cource/my_ws/src/install/my_robot_description/share/my_robot_description/environment/ament_prefix_path.dsv
[0.337s] -- Up-to-date symlink: /home/sudhansu/Desktop/ros2_intermediate_cource/my_ws/src/install/my_robot_description/share/my_robot_description/environment/path.sh
[0.338s] -- Up-to-date symlink: /home/sudhansu/Desktop/ros2_intermediate_cource/my_ws/src/install/my_robot_description/share/my_robot_description/environment/path.dsv
[0.338s] -- Up-to-date symlink: /home/sudhansu/Desktop/ros2_intermediate_cource/my_ws/src/install/my_robot_description/share/my_robot_description/local_setup.bash
[0.338s] -- Up-to-date symlink: /home/sudhansu/Desktop/ros2_intermediate_cource/my_ws/src/install/my_robot_description/share/my_robot_description/local_setup.sh
[0.338s] -- Up-to-date symlink: /home/sudhansu/Desktop/ros2_intermediate_cource/my_ws/src/install/my_robot_description/share/my_robot_description/local_setup.zsh
[0.338s] -- Up-to-date symlink: /home/sudhansu/Desktop/ros2_intermediate_cource/my_ws/src/install/my_robot_description/share/my_robot_description/local_setup.dsv
[0.338s] -- Symlinking: /home/sudhansu/Desktop/ros2_intermediate_cource/my_ws/src/install/my_robot_description/share/my_robot_description/package.dsv
[0.348s] -- Up-to-date symlink: /home/sudhansu/Desktop/ros2_intermediate_cource/my_ws/src/install/my_robot_description/share/ament_index/resource_index/packages/my_robot_description
[0.348s] -- Up-to-date symlink: /home/sudhansu/Desktop/ros2_intermediate_cource/my_ws/src/install/my_robot_description/share/my_robot_description/cmake/my_robot_descriptionConfig.cmake
[0.348s] -- Up-to-date symlink: /home/sudhansu/Desktop/ros2_intermediate_cource/my_ws/src/install/my_robot_description/share/my_robot_description/cmake/my_robot_descriptionConfig-version.cmake
[0.348s] -- Up-to-date symlink: /home/sudhansu/Desktop/ros2_intermediate_cource/my_ws/src/install/my_robot_description/share/my_robot_description/package.xml
[0.356s] Invoked command in '/home/sudhansu/Desktop/ros2_intermediate_cource/my_ws/src/build/my_robot_description' returned '0': CMAKE_PREFIX_PATH=${CMAKE_PREFIX_PATH}:/home/sudhansu/Desktop/ROS2/ros2_workspace/install/urdf_rviz_r2d2:/home/sudhansu/Desktop/ROS2/ros2_workspace/install/py_srvcli:/home/sudhansu/Desktop/ROS2/ros2_workspace/install/my_robot_controller:/opt/ros/humble /usr/bin/cmake --install /home/sudhansu/Desktop/ros2_intermediate_cource/my_ws/src/build/my_robot_description
