[0.008s] Invoking command in '/home/sudhansu/Desktop/ros2_intermediate_cource/my_ws/src/build/my_robot_description': CMAKE_PREFIX_PATH=${CMAKE_PREFIX_PATH}:/home/sudhansu/Desktop/ROS2/ros2_workspace/install/urdf_rviz_r2d2:/home/sudhansu/Desktop/ROS2/ros2_workspace/install/py_srvcli:/home/sudhansu/Desktop/ROS2/ros2_workspace/install/my_robot_controller:/opt/ros/humble /usr/bin/cmake /home/sudhansu/Desktop/ros2_intermediate_cource/my_ws/src/my_robot_description -DAMENT_CMAKE_SYMLINK_INSTALL=1 -DCMAKE_INSTALL_PREFIX=/home/sudhansu/Desktop/ros2_intermediate_cource/my_ws/src/install/my_robot_description
[0.063s] -- The C compiler identification is GNU 11.4.0
[0.109s] -- The CXX compiler identification is GNU 11.4.0
[0.117s] -- Detecting C compiler ABI info
[0.174s] -- Detecting C compiler ABI info - done
[0.180s] -- Check for working C compiler: /usr/bin/cc - skipped
[0.181s] -- Detecting C compile features
[0.181s] -- Detecting C compile features - done
[0.184s] -- Detecting CXX compiler ABI info
[0.259s] -- Detecting CXX compiler ABI info - done
[0.265s] -- Check for working CXX compiler: /usr/bin/c++ - skipped
[0.265s] -- Detecting CXX compile features
[0.265s] -- Detecting CXX compile features - done
[0.271s] -- Found ament_cmake: 1.3.11 (/opt/ros/humble/share/ament_cmake/cmake)
[0.399s] -- Found Python3: /usr/bin/python3 (found version "3.10.12") found components: Interpreter 
[0.464s] -- Override CMake install command with custom implementation using symlinks instead of copying resources
[0.586s] -- Configuring done
[0.590s] -- Generating done
[0.593s] -- Build files have been written to: /home/sudhansu/Desktop/ros2_intermediate_cource/my_ws/src/build/my_robot_description
[0.605s] Invoked command in '/home/sudhansu/Desktop/ros2_intermediate_cource/my_ws/src/build/my_robot_description' returned '0': CMAKE_PREFIX_PATH=${CMAKE_PREFIX_PATH}:/home/sudhansu/Desktop/ROS2/ros2_workspace/install/urdf_rviz_r2d2:/home/sudhansu/Desktop/ROS2/ros2_workspace/install/py_srvcli:/home/sudhansu/Desktop/ROS2/ros2_workspace/install/my_robot_controller:/opt/ros/humble /usr/bin/cmake /home/sudhansu/Desktop/ros2_intermediate_cource/my_ws/src/my_robot_description -DAMENT_CMAKE_SYMLINK_INSTALL=1 -DCMAKE_INSTALL_PREFIX=/home/sudhansu/Desktop/ros2_intermediate_cource/my_ws/src/install/my_robot_description
[0.607s] Invoking command in '/home/sudhansu/Desktop/ros2_intermediate_cource/my_ws/src/build/my_robot_description': CMAKE_PREFIX_PATH=${CMAKE_PREFIX_PATH}:/home/sudhansu/Desktop/ROS2/ros2_workspace/install/urdf_rviz_r2d2:/home/sudhansu/Desktop/ROS2/ros2_workspace/install/py_srvcli:/home/sudhansu/Desktop/ROS2/ros2_workspace/install/my_robot_controller:/opt/ros/humble /usr/bin/cmake --build /home/sudhansu/Desktop/ros2_intermediate_cource/my_ws/src/build/my_robot_description -- -j8 -l8
[0.655s] Invoked command in '/home/sudhansu/Desktop/ros2_intermediate_cource/my_ws/src/build/my_robot_description' returned '0': CMAKE_PREFIX_PATH=${CMAKE_PREFIX_PATH}:/home/sudhansu/Desktop/ROS2/ros2_workspace/install/urdf_rviz_r2d2:/home/sudhansu/Desktop/ROS2/ros2_workspace/install/py_srvcli:/home/sudhansu/Desktop/ROS2/ros2_workspace/install/my_robot_controller:/opt/ros/humble /usr/bin/cmake --build /home/sudhansu/Desktop/ros2_intermediate_cource/my_ws/src/build/my_robot_description -- -j8 -l8
[0.658s] Invoking command in '/home/sudhansu/Desktop/ros2_intermediate_cource/my_ws/src/build/my_robot_description': CMAKE_PREFIX_PATH=${CMAKE_PREFIX_PATH}:/home/sudhansu/Desktop/ROS2/ros2_workspace/install/urdf_rviz_r2d2:/home/sudhansu/Desktop/ROS2/ros2_workspace/install/py_srvcli:/home/sudhansu/Desktop/ROS2/ros2_workspace/install/my_robot_controller:/opt/ros/humble /usr/bin/cmake --install /home/sudhansu/Desktop/ros2_intermediate_cource/my_ws/src/build/my_robot_description
[0.667s] -- Install configuration: ""
[0.668s] -- Execute custom install script
[0.668s] -- Symlinking: /home/sudhansu/Desktop/ros2_intermediate_cource/my_ws/src/install/my_robot_description/share/my_robot_description//urdf/add_revolute.xacro
[0.676s] -- Symlinking: /home/sudhansu/Desktop/ros2_intermediate_cource/my_ws/src/install/my_robot_description/share/my_robot_description//urdf/common_properties.xacro
[0.684s] -- Symlinking: /home/sudhansu/Desktop/ros2_intermediate_cource/my_ws/src/install/my_robot_description/share/my_robot_description//urdf/mobile_base.xacro
[0.691s] -- Symlinking: /home/sudhansu/Desktop/ros2_intermediate_cource/my_ws/src/install/my_robot_description/share/my_robot_description//urdf/my_robot.urdf
[0.698s] -- Symlinking: /home/sudhansu/Desktop/ros2_intermediate_cource/my_ws/src/install/my_robot_description/share/my_robot_description//urdf/my_robot_improved.urdf.xacro
[0.707s] -- Symlinking: /home/sudhansu/Desktop/ros2_intermediate_cource/my_ws/src/install/my_robot_description/share/my_robot_description//urdf/my_robot_main.urdf.xacro
[0.717s] -- Symlinking: /home/sudhansu/Desktop/ros2_intermediate_cource/my_ws/src/install/my_robot_description/share/my_robot_description//launch/display.launch.py
[0.724s] -- Symlinking: /home/sudhansu/Desktop/ros2_intermediate_cource/my_ws/src/install/my_robot_description/share/my_robot_description//launch/display.launch.xml
[0.733s] -- Symlinking: /home/sudhansu/Desktop/ros2_intermediate_cource/my_ws/src/install/my_robot_description/share/my_robot_description//rviz/urdf_config.rviz
[0.741s] -- Symlinking: /home/sudhansu/Desktop/ros2_intermediate_cource/my_ws/src/install/my_robot_description/share/my_robot_description//rviz/urdf_config_1.rviz
[0.750s] -- Symlinking: /home/sudhansu/Desktop/ros2_intermediate_cource/my_ws/src/install/my_robot_description/share/ament_index/resource_index/package_run_dependencies/my_robot_description
[0.758s] -- Symlinking: /home/sudhansu/Desktop/ros2_intermediate_cource/my_ws/src/install/my_robot_description/share/ament_index/resource_index/parent_prefix_path/my_robot_description
[0.766s] -- Symlinking: /home/sudhansu/Desktop/ros2_intermediate_cource/my_ws/src/install/my_robot_description/share/my_robot_description/environment/ament_prefix_path.sh
[0.773s] -- Symlinking: /home/sudhansu/Desktop/ros2_intermediate_cource/my_ws/src/install/my_robot_description/share/my_robot_description/environment/ament_prefix_path.dsv
[0.780s] -- Symlinking: /home/sudhansu/Desktop/ros2_intermediate_cource/my_ws/src/install/my_robot_description/share/my_robot_description/environment/path.sh
[0.787s] -- Symlinking: /home/sudhansu/Desktop/ros2_intermediate_cource/my_ws/src/install/my_robot_description/share/my_robot_description/environment/path.dsv
[0.794s] -- Symlinking: /home/sudhansu/Desktop/ros2_intermediate_cource/my_ws/src/install/my_robot_description/share/my_robot_description/local_setup.bash
[0.801s] -- Symlinking: /home/sudhansu/Desktop/ros2_intermediate_cource/my_ws/src/install/my_robot_description/share/my_robot_description/local_setup.sh
[0.810s] -- Symlinking: /home/sudhansu/Desktop/ros2_intermediate_cource/my_ws/src/install/my_robot_description/share/my_robot_description/local_setup.zsh
[0.818s] -- Symlinking: /home/sudhansu/Desktop/ros2_intermediate_cource/my_ws/src/install/my_robot_description/share/my_robot_description/local_setup.dsv
[0.826s] -- Symlinking: /home/sudhansu/Desktop/ros2_intermediate_cource/my_ws/src/install/my_robot_description/share/my_robot_description/package.dsv
[0.833s] -- Symlinking: /home/sudhansu/Desktop/ros2_intermediate_cource/my_ws/src/install/my_robot_description/share/ament_index/resource_index/packages/my_robot_description
[0.840s] -- Symlinking: /home/sudhansu/Desktop/ros2_intermediate_cource/my_ws/src/install/my_robot_description/share/my_robot_description/cmake/my_robot_descriptionConfig.cmake
[0.847s] -- Symlinking: /home/sudhansu/Desktop/ros2_intermediate_cource/my_ws/src/install/my_robot_description/share/my_robot_description/cmake/my_robot_descriptionConfig-version.cmake
[0.853s] -- Symlinking: /home/sudhansu/Desktop/ros2_intermediate_cource/my_ws/src/install/my_robot_description/share/my_robot_description/package.xml
[0.861s] Invoked command in '/home/sudhansu/Desktop/ros2_intermediate_cource/my_ws/src/build/my_robot_description' returned '0': CMAKE_PREFIX_PATH=${CMAKE_PREFIX_PATH}:/home/sudhansu/Desktop/ROS2/ros2_workspace/install/urdf_rviz_r2d2:/home/sudhansu/Desktop/ROS2/ros2_workspace/install/py_srvcli:/home/sudhansu/Desktop/ROS2/ros2_workspace/install/my_robot_controller:/opt/ros/humble /usr/bin/cmake --install /home/sudhansu/Desktop/ros2_intermediate_cource/my_ws/src/build/my_robot_description
