[0.588s] DEBUG:colcon:Command line arguments: ['/usr/bin/colcon', 'build', '--symlink-install']
[0.588s] DEBUG:colcon:Parsed command line arguments: Namespace(log_base=None, log_level=None, verb_name='build', build_base='build', install_base='install', merge_install=False, symlink_install=True, test_result_base=None, continue_on_error=False, executor='parallel', parallel_workers=8, event_handlers=None, ignore_user_meta=False, metas=['./colcon.meta'], base_paths=['.'], packages_ignore=None, packages_ignore_regex=None, paths=None, packages_up_to=None, packages_up_to_regex=None, packages_above=None, packages_above_and_dependencies=None, packages_above_depth=None, packages_select_by_dep=None, packages_skip_by_dep=None, packages_skip_up_to=None, packages_select_build_failed=False, packages_skip_build_finished=False, packages_select_test_failures=False, packages_skip_test_passed=False, packages_select=None, packages_skip=None, packages_select_regex=None, packages_skip_regex=None, packages_start=None, packages_end=None, allow_overriding=[], cmake_args=None, cmake_target=None, cmake_target_skip_unavailable=False, cmake_clean_cache=False, cmake_clean_first=False, cmake_force_configure=False, ament_cmake_args=None, catkin_cmake_args=None, catkin_skip_building_tests=False, verb_parser=<colcon_defaults.argument_parser.defaults.DefaultArgumentsDecorator object at 0x78e6910597b0>, verb_extension=<colcon_core.verb.build.BuildVerb object at 0x78e6911cece0>, main=<bound method BuildVerb.main of <colcon_core.verb.build.BuildVerb object at 0x78e6911cece0>>)
[1.545s] Level 1:colcon.colcon_core.package_discovery:discover_packages(colcon_meta) check parameters
[1.546s] Level 1:colcon.colcon_core.package_discovery:discover_packages(recursive) check parameters
[1.546s] Level 1:colcon.colcon_core.package_discovery:discover_packages(ignore) check parameters
[1.546s] Level 1:colcon.colcon_core.package_discovery:discover_packages(path) check parameters
[1.546s] Level 1:colcon.colcon_core.package_discovery:discover_packages(colcon_meta) discover
[1.547s] Level 1:colcon.colcon_core.package_discovery:discover_packages(recursive) discover
[1.547s] INFO:colcon.colcon_core.package_discovery:Crawling recursively for packages in '/home/sudhansu/Desktop/ros2_intermediate_cource/my_ws'
[1.548s] Level 1:colcon.colcon_core.package_identification:_identify(.) by extensions ['ignore', 'ignore_ament_install']
[1.549s] Level 1:colcon.colcon_core.package_identification:_identify(.) by extension 'ignore'
[1.549s] Level 1:colcon.colcon_core.package_identification:_identify(.) by extension 'ignore_ament_install'
[1.549s] Level 1:colcon.colcon_core.package_identification:_identify(.) by extensions ['colcon_pkg']
[1.549s] Level 1:colcon.colcon_core.package_identification:_identify(.) by extension 'colcon_pkg'
[1.550s] Level 1:colcon.colcon_core.package_identification:_identify(.) by extensions ['colcon_meta']
[1.550s] Level 1:colcon.colcon_core.package_identification:_identify(.) by extension 'colcon_meta'
[1.550s] Level 1:colcon.colcon_core.package_identification:_identify(.) by extensions ['ros']
[1.550s] Level 1:colcon.colcon_core.package_identification:_identify(.) by extension 'ros'
[1.605s] Level 1:colcon.colcon_core.package_identification:_identify(.) by extensions ['cmake', 'python']
[1.606s] Level 1:colcon.colcon_core.package_identification:_identify(.) by extension 'cmake'
[1.606s] Level 1:colcon.colcon_core.package_identification:_identify(.) by extension 'python'
[1.607s] Level 1:colcon.colcon_core.package_identification:_identify(.) by extensions ['python_setup_py']
[1.607s] Level 1:colcon.colcon_core.package_identification:_identify(.) by extension 'python_setup_py'
[1.607s] Level 1:colcon.colcon_core.package_identification:_identify(build) by extensions ['ignore', 'ignore_ament_install']
[1.608s] Level 1:colcon.colcon_core.package_identification:_identify(build) by extension 'ignore'
[1.608s] Level 1:colcon.colcon_core.package_identification:_identify(build) ignored
[1.609s] Level 1:colcon.colcon_core.package_identification:_identify(install) by extensions ['ignore', 'ignore_ament_install']
[1.609s] Level 1:colcon.colcon_core.package_identification:_identify(install) by extension 'ignore'
[1.610s] Level 1:colcon.colcon_core.package_identification:_identify(install) ignored
[1.611s] Level 1:colcon.colcon_core.package_identification:_identify(log) by extensions ['ignore', 'ignore_ament_install']
[1.611s] Level 1:colcon.colcon_core.package_identification:_identify(log) by extension 'ignore'
[1.612s] Level 1:colcon.colcon_core.package_identification:_identify(log) ignored
[1.613s] Level 1:colcon.colcon_core.package_identification:_identify(src) by extensions ['ignore', 'ignore_ament_install']
[1.614s] Level 1:colcon.colcon_core.package_identification:_identify(src) by extension 'ignore'
[1.614s] Level 1:colcon.colcon_core.package_identification:_identify(src) by extension 'ignore_ament_install'
[1.614s] Level 1:colcon.colcon_core.package_identification:_identify(src) by extensions ['colcon_pkg']
[1.615s] Level 1:colcon.colcon_core.package_identification:_identify(src) by extension 'colcon_pkg'
[1.615s] Level 1:colcon.colcon_core.package_identification:_identify(src) by extensions ['colcon_meta']
[1.615s] Level 1:colcon.colcon_core.package_identification:_identify(src) by extension 'colcon_meta'
[1.615s] Level 1:colcon.colcon_core.package_identification:_identify(src) by extensions ['ros']
[1.615s] Level 1:colcon.colcon_core.package_identification:_identify(src) by extension 'ros'
[1.616s] Level 1:colcon.colcon_core.package_identification:_identify(src) by extensions ['cmake', 'python']
[1.616s] Level 1:colcon.colcon_core.package_identification:_identify(src) by extension 'cmake'
[1.616s] Level 1:colcon.colcon_core.package_identification:_identify(src) by extension 'python'
[1.617s] Level 1:colcon.colcon_core.package_identification:_identify(src) by extensions ['python_setup_py']
[1.617s] Level 1:colcon.colcon_core.package_identification:_identify(src) by extension 'python_setup_py'
[1.618s] Level 1:colcon.colcon_core.package_identification:_identify(src/build) by extensions ['ignore', 'ignore_ament_install']
[1.618s] Level 1:colcon.colcon_core.package_identification:_identify(src/build) by extension 'ignore'
[1.618s] Level 1:colcon.colcon_core.package_identification:_identify(src/build) ignored
[1.619s] Level 1:colcon.colcon_core.package_identification:_identify(src/install) by extensions ['ignore', 'ignore_ament_install']
[1.620s] Level 1:colcon.colcon_core.package_identification:_identify(src/install) by extension 'ignore'
[1.620s] Level 1:colcon.colcon_core.package_identification:_identify(src/install) ignored
[1.622s] Level 1:colcon.colcon_core.package_identification:_identify(src/log) by extensions ['ignore', 'ignore_ament_install']
[1.623s] Level 1:colcon.colcon_core.package_identification:_identify(src/log) by extension 'ignore'
[1.623s] Level 1:colcon.colcon_core.package_identification:_identify(src/log) ignored
[1.625s] Level 1:colcon.colcon_core.package_identification:_identify(src/my_robot_bringup) by extensions ['ignore', 'ignore_ament_install']
[1.627s] Level 1:colcon.colcon_core.package_identification:_identify(src/my_robot_bringup) by extension 'ignore'
[1.627s] Level 1:colcon.colcon_core.package_identification:_identify(src/my_robot_bringup) by extension 'ignore_ament_install'
[1.628s] Level 1:colcon.colcon_core.package_identification:_identify(src/my_robot_bringup) by extensions ['colcon_pkg']
[1.629s] Level 1:colcon.colcon_core.package_identification:_identify(src/my_robot_bringup) by extension 'colcon_pkg'
[1.629s] Level 1:colcon.colcon_core.package_identification:_identify(src/my_robot_bringup) by extensions ['colcon_meta']
[1.629s] Level 1:colcon.colcon_core.package_identification:_identify(src/my_robot_bringup) by extension 'colcon_meta'
[1.630s] Level 1:colcon.colcon_core.package_identification:_identify(src/my_robot_bringup) by extensions ['ros']
[1.630s] Level 1:colcon.colcon_core.package_identification:_identify(src/my_robot_bringup) by extension 'ros'
[1.643s] DEBUG:colcon.colcon_core.package_identification:Package 'src/my_robot_bringup' with type 'ros.ament_cmake' and name 'my_robot_bringup'
[1.644s] Level 1:colcon.colcon_core.package_identification:_identify(src/my_robot_description) by extensions ['ignore', 'ignore_ament_install']
[1.690s] Level 1:colcon.colcon_core.package_identification:_identify(src/my_robot_description) by extension 'ignore'
[1.690s] Level 1:colcon.colcon_core.package_identification:_identify(src/my_robot_description) by extension 'ignore_ament_install'
[1.691s] Level 1:colcon.colcon_core.package_identification:_identify(src/my_robot_description) by extensions ['colcon_pkg']
[1.691s] Level 1:colcon.colcon_core.package_identification:_identify(src/my_robot_description) by extension 'colcon_pkg'
[1.691s] Level 1:colcon.colcon_core.package_identification:_identify(src/my_robot_description) by extensions ['colcon_meta']
[1.691s] Level 1:colcon.colcon_core.package_identification:_identify(src/my_robot_description) by extension 'colcon_meta'
[1.691s] Level 1:colcon.colcon_core.package_identification:_identify(src/my_robot_description) by extensions ['ros']
[1.691s] Level 1:colcon.colcon_core.package_identification:_identify(src/my_robot_description) by extension 'ros'
[1.694s] DEBUG:colcon.colcon_core.package_identification:Package 'src/my_robot_description' with type 'ros.ament_cmake' and name 'my_robot_description'
[1.695s] Level 1:colcon.colcon_core.package_discovery:discover_packages(recursive) using defaults
[1.695s] Level 1:colcon.colcon_core.package_discovery:discover_packages(ignore) discover
[1.695s] Level 1:colcon.colcon_core.package_discovery:discover_packages(ignore) using defaults
[1.695s] Level 1:colcon.colcon_core.package_discovery:discover_packages(path) discover
[1.695s] Level 1:colcon.colcon_core.package_discovery:discover_packages(path) using defaults
[1.804s] Level 1:colcon.colcon_core.package_discovery:discover_packages(prefix_path) check parameters
[1.805s] Level 1:colcon.colcon_core.package_discovery:discover_packages(prefix_path) discover
[1.817s] DEBUG:colcon.colcon_installed_package_information.package_discovery:Found 2 installed packages in /home/sudhansu/Desktop/ros2_intermediate_cource/my_ws/install
[1.821s] DEBUG:colcon.colcon_installed_package_information.package_discovery:Found 1 installed packages in /home/sudhansu/install
[1.824s] DEBUG:colcon.colcon_installed_package_information.package_discovery:Found 4 installed packages in /home/sudhansu/Desktop/ROS2/ros2_workspace/install
[1.831s] DEBUG:colcon.colcon_installed_package_information.package_discovery:Found 375 installed packages in /opt/ros/humble
[1.842s] Level 1:colcon.colcon_core.package_discovery:discover_packages(prefix_path) using defaults
[2.077s] Level 5:colcon.colcon_core.verb:set package 'my_robot_bringup' build argument 'cmake_args' from command line to 'None'
[2.077s] Level 5:colcon.colcon_core.verb:set package 'my_robot_bringup' build argument 'cmake_target' from command line to 'None'
[2.077s] Level 5:colcon.colcon_core.verb:set package 'my_robot_bringup' build argument 'cmake_target_skip_unavailable' from command line to 'False'
[2.077s] Level 5:colcon.colcon_core.verb:set package 'my_robot_bringup' build argument 'cmake_clean_cache' from command line to 'False'
[2.077s] Level 5:colcon.colcon_core.verb:set package 'my_robot_bringup' build argument 'cmake_clean_first' from command line to 'False'
[2.077s] Level 5:colcon.colcon_core.verb:set package 'my_robot_bringup' build argument 'cmake_force_configure' from command line to 'False'
[2.077s] Level 5:colcon.colcon_core.verb:set package 'my_robot_bringup' build argument 'ament_cmake_args' from command line to 'None'
[2.077s] Level 5:colcon.colcon_core.verb:set package 'my_robot_bringup' build argument 'catkin_cmake_args' from command line to 'None'
[2.078s] Level 5:colcon.colcon_core.verb:set package 'my_robot_bringup' build argument 'catkin_skip_building_tests' from command line to 'False'
[2.078s] DEBUG:colcon.colcon_core.verb:Building package 'my_robot_bringup' with the following arguments: {'ament_cmake_args': None, 'build_base': '/home/sudhansu/Desktop/ros2_intermediate_cource/my_ws/build/my_robot_bringup', 'catkin_cmake_args': None, 'catkin_skip_building_tests': False, 'cmake_args': None, 'cmake_clean_cache': False, 'cmake_clean_first': False, 'cmake_force_configure': False, 'cmake_target': None, 'cmake_target_skip_unavailable': False, 'install_base': '/home/sudhansu/Desktop/ros2_intermediate_cource/my_ws/install/my_robot_bringup', 'merge_install': False, 'path': '/home/sudhansu/Desktop/ros2_intermediate_cource/my_ws/src/my_robot_bringup', 'symlink_install': True, 'test_result_base': None}
[2.079s] Level 5:colcon.colcon_core.verb:set package 'my_robot_description' build argument 'cmake_args' from command line to 'None'
[2.079s] Level 5:colcon.colcon_core.verb:set package 'my_robot_description' build argument 'cmake_target' from command line to 'None'
[2.079s] Level 5:colcon.colcon_core.verb:set package 'my_robot_description' build argument 'cmake_target_skip_unavailable' from command line to 'False'
[2.079s] Level 5:colcon.colcon_core.verb:set package 'my_robot_description' build argument 'cmake_clean_cache' from command line to 'False'
[2.079s] Level 5:colcon.colcon_core.verb:set package 'my_robot_description' build argument 'cmake_clean_first' from command line to 'False'
[2.079s] Level 5:colcon.colcon_core.verb:set package 'my_robot_description' build argument 'cmake_force_configure' from command line to 'False'
[2.080s] Level 5:colcon.colcon_core.verb:set package 'my_robot_description' build argument 'ament_cmake_args' from command line to 'None'
[2.080s] Level 5:colcon.colcon_core.verb:set package 'my_robot_description' build argument 'catkin_cmake_args' from command line to 'None'
[2.080s] Level 5:colcon.colcon_core.verb:set package 'my_robot_description' build argument 'catkin_skip_building_tests' from command line to 'False'
[2.080s] DEBUG:colcon.colcon_core.verb:Building package 'my_robot_description' with the following arguments: {'ament_cmake_args': None, 'build_base': '/home/sudhansu/Desktop/ros2_intermediate_cource/my_ws/build/my_robot_description', 'catkin_cmake_args': None, 'catkin_skip_building_tests': False, 'cmake_args': None, 'cmake_clean_cache': False, 'cmake_clean_first': False, 'cmake_force_configure': False, 'cmake_target': None, 'cmake_target_skip_unavailable': False, 'install_base': '/home/sudhansu/Desktop/ros2_intermediate_cource/my_ws/install/my_robot_description', 'merge_install': False, 'path': '/home/sudhansu/Desktop/ros2_intermediate_cource/my_ws/src/my_robot_description', 'symlink_install': True, 'test_result_base': None}
[2.080s] INFO:colcon.colcon_core.executor:Executing jobs using 'parallel' executor
[2.085s] DEBUG:colcon.colcon_parallel_executor.executor.parallel:run_until_complete
[2.088s] INFO:colcon.colcon_ros.task.ament_cmake.build:Building ROS package in '/home/sudhansu/Desktop/ros2_intermediate_cource/my_ws/src/my_robot_bringup' with build type 'ament_cmake'
[2.089s] INFO:colcon.colcon_cmake.task.cmake.build:Building CMake package in '/home/sudhansu/Desktop/ros2_intermediate_cource/my_ws/src/my_robot_bringup'
[2.099s] INFO:colcon.colcon_core.plugin_system:Skipping extension 'colcon_core.shell.bat': Not used on non-Windows systems
[2.100s] INFO:colcon.colcon_core.shell:Skip shell extension 'powershell' for command environment: Not usable outside of PowerShell
[2.100s] DEBUG:colcon.colcon_core.shell:Skip shell extension 'dsv' for command environment
[2.137s] INFO:colcon.colcon_ros.task.ament_cmake.build:Building ROS package in '/home/sudhansu/Desktop/ros2_intermediate_cource/my_ws/src/my_robot_description' with build type 'ament_cmake'
[2.138s] INFO:colcon.colcon_cmake.task.cmake.build:Building CMake package in '/home/sudhansu/Desktop/ros2_intermediate_cource/my_ws/src/my_robot_description'
[2.139s] INFO:colcon.colcon_core.shell:Skip shell extension 'powershell' for command environment: Not usable outside of PowerShell
[2.139s] DEBUG:colcon.colcon_core.shell:Skip shell extension 'dsv' for command environment
[2.190s] DEBUG:colcon.colcon_core.event_handler.log_command:Invoking command in '/home/sudhansu/Desktop/ros2_intermediate_cource/my_ws/build/my_robot_bringup': CMAKE_PREFIX_PATH=${CMAKE_PREFIX_PATH}:/home/sudhansu/install/my_robot_controller:/home/sudhansu/Desktop/ROS2/ros2_workspace/install/urdf_rviz_r2d2:/home/sudhansu/Desktop/ROS2/ros2_workspace/install/py_srvcli:/home/sudhansu/Desktop/ROS2/ros2_workspace/install/my_robot_controller:/opt/ros/humble /usr/bin/cmake --build /home/sudhansu/Desktop/ros2_intermediate_cource/my_ws/build/my_robot_bringup -- -j8 -l8
[2.214s] DEBUG:colcon.colcon_core.event_handler.log_command:Invoking command in '/home/sudhansu/Desktop/ros2_intermediate_cource/my_ws/build/my_robot_description': CMAKE_PREFIX_PATH=${CMAKE_PREFIX_PATH}:/home/sudhansu/install/my_robot_controller:/home/sudhansu/Desktop/ROS2/ros2_workspace/install/urdf_rviz_r2d2:/home/sudhansu/Desktop/ROS2/ros2_workspace/install/py_srvcli:/home/sudhansu/Desktop/ROS2/ros2_workspace/install/my_robot_controller:/opt/ros/humble /usr/bin/cmake --build /home/sudhansu/Desktop/ros2_intermediate_cource/my_ws/build/my_robot_description -- -j8 -l8
[2.359s] DEBUG:colcon.colcon_core.event_handler.log_command:Invoked command in '/home/sudhansu/Desktop/ros2_intermediate_cource/my_ws/build/my_robot_bringup' returned '0': CMAKE_PREFIX_PATH=${CMAKE_PREFIX_PATH}:/home/sudhansu/install/my_robot_controller:/home/sudhansu/Desktop/ROS2/ros2_workspace/install/urdf_rviz_r2d2:/home/sudhansu/Desktop/ROS2/ros2_workspace/install/py_srvcli:/home/sudhansu/Desktop/ROS2/ros2_workspace/install/my_robot_controller:/opt/ros/humble /usr/bin/cmake --build /home/sudhansu/Desktop/ros2_intermediate_cource/my_ws/build/my_robot_bringup -- -j8 -l8
[2.411s] DEBUG:colcon.colcon_core.event_handler.log_command:Invoking command in '/home/sudhansu/Desktop/ros2_intermediate_cource/my_ws/build/my_robot_bringup': CMAKE_PREFIX_PATH=${CMAKE_PREFIX_PATH}:/home/sudhansu/install/my_robot_controller:/home/sudhansu/Desktop/ROS2/ros2_workspace/install/urdf_rviz_r2d2:/home/sudhansu/Desktop/ROS2/ros2_workspace/install/py_srvcli:/home/sudhansu/Desktop/ROS2/ros2_workspace/install/my_robot_controller:/opt/ros/humble /usr/bin/cmake --install /home/sudhansu/Desktop/ros2_intermediate_cource/my_ws/build/my_robot_bringup
[2.416s] DEBUG:colcon.colcon_core.event_handler.log_command:Invoked command in '/home/sudhansu/Desktop/ros2_intermediate_cource/my_ws/build/my_robot_description' returned '0': CMAKE_PREFIX_PATH=${CMAKE_PREFIX_PATH}:/home/sudhansu/install/my_robot_controller:/home/sudhansu/Desktop/ROS2/ros2_workspace/install/urdf_rviz_r2d2:/home/sudhansu/Desktop/ROS2/ros2_workspace/install/py_srvcli:/home/sudhansu/Desktop/ROS2/ros2_workspace/install/my_robot_controller:/opt/ros/humble /usr/bin/cmake --build /home/sudhansu/Desktop/ros2_intermediate_cource/my_ws/build/my_robot_description -- -j8 -l8
[2.426s] DEBUG:colcon.colcon_core.event_handler.log_command:Invoking command in '/home/sudhansu/Desktop/ros2_intermediate_cource/my_ws/build/my_robot_description': CMAKE_PREFIX_PATH=${CMAKE_PREFIX_PATH}:/home/sudhansu/install/my_robot_controller:/home/sudhansu/Desktop/ROS2/ros2_workspace/install/urdf_rviz_r2d2:/home/sudhansu/Desktop/ROS2/ros2_workspace/install/py_srvcli:/home/sudhansu/Desktop/ROS2/ros2_workspace/install/my_robot_controller:/opt/ros/humble /usr/bin/cmake --install /home/sudhansu/Desktop/ros2_intermediate_cource/my_ws/build/my_robot_description
[2.507s] Level 1:colcon.colcon_core.environment:create_environment_scripts_only(my_robot_bringup)
[2.516s] DEBUG:colcon.colcon_core.event_handler.log_command:Invoked command in '/home/sudhansu/Desktop/ros2_intermediate_cource/my_ws/build/my_robot_bringup' returned '0': CMAKE_PREFIX_PATH=${CMAKE_PREFIX_PATH}:/home/sudhansu/install/my_robot_controller:/home/sudhansu/Desktop/ROS2/ros2_workspace/install/urdf_rviz_r2d2:/home/sudhansu/Desktop/ROS2/ros2_workspace/install/py_srvcli:/home/sudhansu/Desktop/ROS2/ros2_workspace/install/my_robot_controller:/opt/ros/humble /usr/bin/cmake --install /home/sudhansu/Desktop/ros2_intermediate_cource/my_ws/build/my_robot_bringup
[2.532s] Level 1:colcon.colcon_core.environment:checking '/home/sudhansu/Desktop/ros2_intermediate_cource/my_ws/install/my_robot_bringup' for CMake module files
[2.535s] Level 1:colcon.colcon_core.environment:checking '/home/sudhansu/Desktop/ros2_intermediate_cource/my_ws/install/my_robot_bringup' for CMake config files
[2.538s] Level 1:colcon.colcon_core.shell:create_environment_hook('my_robot_bringup', 'cmake_prefix_path')
[2.541s] INFO:colcon.colcon_core.shell:Creating environment hook '/home/sudhansu/Desktop/ros2_intermediate_cource/my_ws/install/my_robot_bringup/share/my_robot_bringup/hook/cmake_prefix_path.ps1'
[2.543s] INFO:colcon.colcon_core.shell:Creating environment descriptor '/home/sudhansu/Desktop/ros2_intermediate_cource/my_ws/install/my_robot_bringup/share/my_robot_bringup/hook/cmake_prefix_path.dsv'
[2.547s] INFO:colcon.colcon_core.shell:Creating environment hook '/home/sudhansu/Desktop/ros2_intermediate_cource/my_ws/install/my_robot_bringup/share/my_robot_bringup/hook/cmake_prefix_path.sh'
[2.554s] Level 1:colcon.colcon_core.environment:checking '/home/sudhansu/Desktop/ros2_intermediate_cource/my_ws/install/my_robot_bringup/bin'
[2.555s] Level 1:colcon.colcon_core.environment:checking '/home/sudhansu/Desktop/ros2_intermediate_cource/my_ws/install/my_robot_bringup/lib/pkgconfig/my_robot_bringup.pc'
[2.557s] Level 1:colcon.colcon_core.environment:checking '/home/sudhansu/Desktop/ros2_intermediate_cource/my_ws/install/my_robot_bringup/lib/python3.10/site-packages'
[2.558s] Level 1:colcon.colcon_core.environment:checking '/home/sudhansu/Desktop/ros2_intermediate_cource/my_ws/install/my_robot_bringup/bin'
[2.559s] INFO:colcon.colcon_core.shell:Creating package script '/home/sudhansu/Desktop/ros2_intermediate_cource/my_ws/install/my_robot_bringup/share/my_robot_bringup/package.ps1'
[2.563s] INFO:colcon.colcon_core.shell:Creating package descriptor '/home/sudhansu/Desktop/ros2_intermediate_cource/my_ws/install/my_robot_bringup/share/my_robot_bringup/package.dsv'
[2.565s] INFO:colcon.colcon_core.shell:Creating package script '/home/sudhansu/Desktop/ros2_intermediate_cource/my_ws/install/my_robot_bringup/share/my_robot_bringup/package.sh'
[2.572s] INFO:colcon.colcon_core.shell:Creating package script '/home/sudhansu/Desktop/ros2_intermediate_cource/my_ws/install/my_robot_bringup/share/my_robot_bringup/package.bash'
[2.578s] INFO:colcon.colcon_core.shell:Creating package script '/home/sudhansu/Desktop/ros2_intermediate_cource/my_ws/install/my_robot_bringup/share/my_robot_bringup/package.zsh'
[2.582s] Level 1:colcon.colcon_core.environment:create_file_with_runtime_dependencies(/home/sudhansu/Desktop/ros2_intermediate_cource/my_ws/install/my_robot_bringup/share/colcon-core/packages/my_robot_bringup)
[2.585s] Level 1:colcon.colcon_core.environment:create_environment_scripts_only(my_robot_bringup)
[2.586s] Level 1:colcon.colcon_core.environment:checking '/home/sudhansu/Desktop/ros2_intermediate_cource/my_ws/install/my_robot_bringup' for CMake module files
[2.588s] Level 1:colcon.colcon_core.environment:checking '/home/sudhansu/Desktop/ros2_intermediate_cource/my_ws/install/my_robot_bringup' for CMake config files
[2.589s] Level 1:colcon.colcon_core.shell:create_environment_hook('my_robot_bringup', 'cmake_prefix_path')
[2.590s] INFO:colcon.colcon_core.shell:Creating environment hook '/home/sudhansu/Desktop/ros2_intermediate_cource/my_ws/install/my_robot_bringup/share/my_robot_bringup/hook/cmake_prefix_path.ps1'
[2.592s] INFO:colcon.colcon_core.shell:Creating environment descriptor '/home/sudhansu/Desktop/ros2_intermediate_cource/my_ws/install/my_robot_bringup/share/my_robot_bringup/hook/cmake_prefix_path.dsv'
[2.592s] INFO:colcon.colcon_core.shell:Creating environment hook '/home/sudhansu/Desktop/ros2_intermediate_cource/my_ws/install/my_robot_bringup/share/my_robot_bringup/hook/cmake_prefix_path.sh'
[2.598s] Level 1:colcon.colcon_core.environment:checking '/home/sudhansu/Desktop/ros2_intermediate_cource/my_ws/install/my_robot_bringup/bin'
[2.599s] Level 1:colcon.colcon_core.environment:checking '/home/sudhansu/Desktop/ros2_intermediate_cource/my_ws/install/my_robot_bringup/lib/pkgconfig/my_robot_bringup.pc'
[2.600s] Level 1:colcon.colcon_core.environment:checking '/home/sudhansu/Desktop/ros2_intermediate_cource/my_ws/install/my_robot_bringup/lib/python3.10/site-packages'
[2.602s] Level 1:colcon.colcon_core.environment:checking '/home/sudhansu/Desktop/ros2_intermediate_cource/my_ws/install/my_robot_bringup/bin'
[2.604s] INFO:colcon.colcon_core.shell:Creating package script '/home/sudhansu/Desktop/ros2_intermediate_cource/my_ws/install/my_robot_bringup/share/my_robot_bringup/package.ps1'
[2.606s] INFO:colcon.colcon_core.shell:Creating package descriptor '/home/sudhansu/Desktop/ros2_intermediate_cource/my_ws/install/my_robot_bringup/share/my_robot_bringup/package.dsv'
[2.608s] INFO:colcon.colcon_core.shell:Creating package script '/home/sudhansu/Desktop/ros2_intermediate_cource/my_ws/install/my_robot_bringup/share/my_robot_bringup/package.sh'
[2.610s] INFO:colcon.colcon_core.shell:Creating package script '/home/sudhansu/Desktop/ros2_intermediate_cource/my_ws/install/my_robot_bringup/share/my_robot_bringup/package.bash'
[2.611s] INFO:colcon.colcon_core.shell:Creating package script '/home/sudhansu/Desktop/ros2_intermediate_cource/my_ws/install/my_robot_bringup/share/my_robot_bringup/package.zsh'
[2.612s] Level 1:colcon.colcon_core.environment:create_file_with_runtime_dependencies(/home/sudhansu/Desktop/ros2_intermediate_cource/my_ws/install/my_robot_bringup/share/colcon-core/packages/my_robot_bringup)
[2.617s] Level 1:colcon.colcon_core.environment:create_environment_scripts_only(my_robot_description)
[2.619s] Level 1:colcon.colcon_core.environment:checking '/home/sudhansu/Desktop/ros2_intermediate_cource/my_ws/install/my_robot_description' for CMake module files
[2.624s] DEBUG:colcon.colcon_core.event_handler.log_command:Invoked command in '/home/sudhansu/Desktop/ros2_intermediate_cource/my_ws/build/my_robot_description' returned '0': CMAKE_PREFIX_PATH=${CMAKE_PREFIX_PATH}:/home/sudhansu/install/my_robot_controller:/home/sudhansu/Desktop/ROS2/ros2_workspace/install/urdf_rviz_r2d2:/home/sudhansu/Desktop/ROS2/ros2_workspace/install/py_srvcli:/home/sudhansu/Desktop/ROS2/ros2_workspace/install/my_robot_controller:/opt/ros/humble /usr/bin/cmake --install /home/sudhansu/Desktop/ros2_intermediate_cource/my_ws/build/my_robot_description
[2.628s] Level 1:colcon.colcon_core.environment:checking '/home/sudhansu/Desktop/ros2_intermediate_cource/my_ws/install/my_robot_description' for CMake config files
[2.633s] Level 1:colcon.colcon_core.shell:create_environment_hook('my_robot_description', 'cmake_prefix_path')
[2.635s] INFO:colcon.colcon_core.shell:Creating environment hook '/home/sudhansu/Desktop/ros2_intermediate_cource/my_ws/install/my_robot_description/share/my_robot_description/hook/cmake_prefix_path.ps1'
[2.637s] INFO:colcon.colcon_core.shell:Creating environment descriptor '/home/sudhansu/Desktop/ros2_intermediate_cource/my_ws/install/my_robot_description/share/my_robot_description/hook/cmake_prefix_path.dsv'
[2.639s] INFO:colcon.colcon_core.shell:Creating environment hook '/home/sudhansu/Desktop/ros2_intermediate_cource/my_ws/install/my_robot_description/share/my_robot_description/hook/cmake_prefix_path.sh'
[2.641s] Level 1:colcon.colcon_core.environment:checking '/home/sudhansu/Desktop/ros2_intermediate_cource/my_ws/install/my_robot_description/bin'
[2.641s] Level 1:colcon.colcon_core.environment:checking '/home/sudhansu/Desktop/ros2_intermediate_cource/my_ws/install/my_robot_description/lib/pkgconfig/my_robot_description.pc'
[2.643s] Level 1:colcon.colcon_core.environment:checking '/home/sudhansu/Desktop/ros2_intermediate_cource/my_ws/install/my_robot_description/lib/python3.10/site-packages'
[2.645s] Level 1:colcon.colcon_core.environment:checking '/home/sudhansu/Desktop/ros2_intermediate_cource/my_ws/install/my_robot_description/bin'
[2.649s] INFO:colcon.colcon_core.shell:Creating package script '/home/sudhansu/Desktop/ros2_intermediate_cource/my_ws/install/my_robot_description/share/my_robot_description/package.ps1'
[2.652s] INFO:colcon.colcon_core.shell:Creating package descriptor '/home/sudhansu/Desktop/ros2_intermediate_cource/my_ws/install/my_robot_description/share/my_robot_description/package.dsv'
[2.655s] INFO:colcon.colcon_core.shell:Creating package script '/home/sudhansu/Desktop/ros2_intermediate_cource/my_ws/install/my_robot_description/share/my_robot_description/package.sh'
[2.658s] INFO:colcon.colcon_core.shell:Creating package script '/home/sudhansu/Desktop/ros2_intermediate_cource/my_ws/install/my_robot_description/share/my_robot_description/package.bash'
[2.660s] INFO:colcon.colcon_core.shell:Creating package script '/home/sudhansu/Desktop/ros2_intermediate_cource/my_ws/install/my_robot_description/share/my_robot_description/package.zsh'
[2.662s] Level 1:colcon.colcon_core.environment:create_file_with_runtime_dependencies(/home/sudhansu/Desktop/ros2_intermediate_cource/my_ws/install/my_robot_description/share/colcon-core/packages/my_robot_description)
[2.664s] Level 1:colcon.colcon_core.environment:create_environment_scripts_only(my_robot_description)
[2.665s] Level 1:colcon.colcon_core.environment:checking '/home/sudhansu/Desktop/ros2_intermediate_cource/my_ws/install/my_robot_description' for CMake module files
[2.666s] Level 1:colcon.colcon_core.environment:checking '/home/sudhansu/Desktop/ros2_intermediate_cource/my_ws/install/my_robot_description' for CMake config files
[2.668s] Level 1:colcon.colcon_core.shell:create_environment_hook('my_robot_description', 'cmake_prefix_path')
[2.669s] INFO:colcon.colcon_core.shell:Creating environment hook '/home/sudhansu/Desktop/ros2_intermediate_cource/my_ws/install/my_robot_description/share/my_robot_description/hook/cmake_prefix_path.ps1'
[2.671s] INFO:colcon.colcon_core.shell:Creating environment descriptor '/home/sudhansu/Desktop/ros2_intermediate_cource/my_ws/install/my_robot_description/share/my_robot_description/hook/cmake_prefix_path.dsv'
[2.672s] INFO:colcon.colcon_core.shell:Creating environment hook '/home/sudhansu/Desktop/ros2_intermediate_cource/my_ws/install/my_robot_description/share/my_robot_description/hook/cmake_prefix_path.sh'
[2.675s] Level 1:colcon.colcon_core.environment:checking '/home/sudhansu/Desktop/ros2_intermediate_cource/my_ws/install/my_robot_description/bin'
[2.676s] Level 1:colcon.colcon_core.environment:checking '/home/sudhansu/Desktop/ros2_intermediate_cource/my_ws/install/my_robot_description/lib/pkgconfig/my_robot_description.pc'
[2.677s] Level 1:colcon.colcon_core.environment:checking '/home/sudhansu/Desktop/ros2_intermediate_cource/my_ws/install/my_robot_description/lib/python3.10/site-packages'
[2.679s] Level 1:colcon.colcon_core.environment:checking '/home/sudhansu/Desktop/ros2_intermediate_cource/my_ws/install/my_robot_description/bin'
[2.681s] INFO:colcon.colcon_core.shell:Creating package script '/home/sudhansu/Desktop/ros2_intermediate_cource/my_ws/install/my_robot_description/share/my_robot_description/package.ps1'
[2.685s] INFO:colcon.colcon_core.shell:Creating package descriptor '/home/sudhansu/Desktop/ros2_intermediate_cource/my_ws/install/my_robot_description/share/my_robot_description/package.dsv'
[2.687s] INFO:colcon.colcon_core.shell:Creating package script '/home/sudhansu/Desktop/ros2_intermediate_cource/my_ws/install/my_robot_description/share/my_robot_description/package.sh'
[2.689s] INFO:colcon.colcon_core.shell:Creating package script '/home/sudhansu/Desktop/ros2_intermediate_cource/my_ws/install/my_robot_description/share/my_robot_description/package.bash'
[2.690s] INFO:colcon.colcon_core.shell:Creating package script '/home/sudhansu/Desktop/ros2_intermediate_cource/my_ws/install/my_robot_description/share/my_robot_description/package.zsh'
[2.692s] Level 1:colcon.colcon_core.environment:create_file_with_runtime_dependencies(/home/sudhansu/Desktop/ros2_intermediate_cource/my_ws/install/my_robot_description/share/colcon-core/packages/my_robot_description)
[2.693s] DEBUG:colcon.colcon_parallel_executor.executor.parallel:closing loop
[2.693s] DEBUG:colcon.colcon_parallel_executor.executor.parallel:loop closed
[2.693s] DEBUG:colcon.colcon_parallel_executor.executor.parallel:run_until_complete finished with '0'
[2.694s] DEBUG:colcon.colcon_core.event_reactor:joining thread
[2.718s] INFO:colcon.colcon_core.plugin_system:Skipping extension 'colcon_notification.desktop_notification.terminal_notifier': Not used on non-Darwin systems
[2.719s] INFO:colcon.colcon_core.plugin_system:Skipping extension 'colcon_notification.desktop_notification.win32': Not used on non-Windows systems
[2.719s] INFO:colcon.colcon_notification.desktop_notification:Sending desktop notification using 'notify2'
[2.774s] DEBUG:colcon.colcon_core.event_reactor:joined thread
[2.775s] INFO:colcon.colcon_core.shell:Creating prefix script '/home/sudhansu/Desktop/ros2_intermediate_cource/my_ws/install/local_setup.ps1'
[2.781s] INFO:colcon.colcon_core.shell:Creating prefix util module '/home/sudhansu/Desktop/ros2_intermediate_cource/my_ws/install/_local_setup_util_ps1.py'
[2.788s] INFO:colcon.colcon_core.shell:Creating prefix chain script '/home/sudhansu/Desktop/ros2_intermediate_cource/my_ws/install/setup.ps1'
[2.794s] INFO:colcon.colcon_core.shell:Creating prefix script '/home/sudhansu/Desktop/ros2_intermediate_cource/my_ws/install/local_setup.sh'
[2.797s] INFO:colcon.colcon_core.shell:Creating prefix util module '/home/sudhansu/Desktop/ros2_intermediate_cource/my_ws/install/_local_setup_util_sh.py'
[2.800s] INFO:colcon.colcon_core.shell:Creating prefix chain script '/home/sudhansu/Desktop/ros2_intermediate_cource/my_ws/install/setup.sh'
[2.805s] INFO:colcon.colcon_core.shell:Creating prefix script '/home/sudhansu/Desktop/ros2_intermediate_cource/my_ws/install/local_setup.bash'
[2.810s] INFO:colcon.colcon_core.shell:Creating prefix chain script '/home/sudhansu/Desktop/ros2_intermediate_cource/my_ws/install/setup.bash'
[2.821s] INFO:colcon.colcon_core.shell:Creating prefix script '/home/sudhansu/Desktop/ros2_intermediate_cource/my_ws/install/local_setup.zsh'
[2.824s] INFO:colcon.colcon_core.shell:Creating prefix chain script '/home/sudhansu/Desktop/ros2_intermediate_cource/my_ws/install/setup.zsh'
