[0.092s] DEBUG:colcon:Command line arguments: ['/usr/bin/colcon', 'build', '--symlink-install']
[0.092s] DEBUG:colcon:Parsed command line arguments: Namespace(log_base=None, log_level=None, verb_name='build', build_base='build', install_base='install', merge_install=False, symlink_install=True, test_result_base=None, continue_on_error=False, executor='parallel', parallel_workers=8, event_handlers=None, ignore_user_meta=False, metas=['./colcon.meta'], base_paths=['.'], packages_ignore=None, packages_ignore_regex=None, paths=None, packages_up_to=None, packages_up_to_regex=None, packages_above=None, packages_above_and_dependencies=None, packages_above_depth=None, packages_select_by_dep=None, packages_skip_by_dep=None, packages_skip_up_to=None, packages_select_build_failed=False, packages_skip_build_finished=False, packages_select_test_failures=False, packages_skip_test_passed=False, packages_select=None, packages_skip=None, packages_select_regex=None, packages_skip_regex=None, packages_start=None, packages_end=None, allow_overriding=[], cmake_args=None, cmake_target=None, cmake_target_skip_unavailable=False, cmake_clean_cache=False, cmake_clean_first=False, cmake_force_configure=False, ament_cmake_args=None, catkin_cmake_args=None, catkin_skip_building_tests=False, verb_parser=<colcon_defaults.argument_parser.defaults.DefaultArgumentsDecorator object at 0x7c1fdd3c90f0>, verb_extension=<colcon_core.verb.build.BuildVerb object at 0x7c1fdd5c2650>, main=<bound method BuildVerb.main of <colcon_core.verb.build.BuildVerb object at 0x7c1fdd5c2650>>)
[0.255s] Level 1:colcon.colcon_core.package_discovery:discover_packages(colcon_meta) check parameters
[0.256s] Level 1:colcon.colcon_core.package_discovery:discover_packages(recursive) check parameters
[0.256s] Level 1:colcon.colcon_core.package_discovery:discover_packages(ignore) check parameters
[0.256s] Level 1:colcon.colcon_core.package_discovery:discover_packages(path) check parameters
[0.256s] Level 1:colcon.colcon_core.package_discovery:discover_packages(colcon_meta) discover
[0.256s] Level 1:colcon.colcon_core.package_discovery:discover_packages(recursive) discover
[0.256s] INFO:colcon.colcon_core.package_discovery:Crawling recursively for packages in '/home/sudhansu/Desktop/ros2_intermediate_cource/my_ws/src'
[0.256s] Level 1:colcon.colcon_core.package_identification:_identify(.) by extensions ['ignore', 'ignore_ament_install']
[0.256s] Level 1:colcon.colcon_core.package_identification:_identify(.) by extension 'ignore'
[0.256s] Level 1:colcon.colcon_core.package_identification:_identify(.) by extension 'ignore_ament_install'
[0.256s] Level 1:colcon.colcon_core.package_identification:_identify(.) by extensions ['colcon_pkg']
[0.256s] Level 1:colcon.colcon_core.package_identification:_identify(.) by extension 'colcon_pkg'
[0.256s] Level 1:colcon.colcon_core.package_identification:_identify(.) by extensions ['colcon_meta']
[0.256s] Level 1:colcon.colcon_core.package_identification:_identify(.) by extension 'colcon_meta'
[0.256s] Level 1:colcon.colcon_core.package_identification:_identify(.) by extensions ['ros']
[0.256s] Level 1:colcon.colcon_core.package_identification:_identify(.) by extension 'ros'
[0.267s] Level 1:colcon.colcon_core.package_identification:_identify(.) by extensions ['cmake', 'python']
[0.267s] Level 1:colcon.colcon_core.package_identification:_identify(.) by extension 'cmake'
[0.267s] Level 1:colcon.colcon_core.package_identification:_identify(.) by extension 'python'
[0.267s] Level 1:colcon.colcon_core.package_identification:_identify(.) by extensions ['python_setup_py']
[0.267s] Level 1:colcon.colcon_core.package_identification:_identify(.) by extension 'python_setup_py'
[0.267s] Level 1:colcon.colcon_core.package_identification:_identify(build) by extensions ['ignore', 'ignore_ament_install']
[0.267s] Level 1:colcon.colcon_core.package_identification:_identify(build) by extension 'ignore'
[0.267s] Level 1:colcon.colcon_core.package_identification:_identify(build) ignored
[0.267s] Level 1:colcon.colcon_core.package_identification:_identify(install) by extensions ['ignore', 'ignore_ament_install']
[0.268s] Level 1:colcon.colcon_core.package_identification:_identify(install) by extension 'ignore'
[0.268s] Level 1:colcon.colcon_core.package_identification:_identify(install) ignored
[0.268s] Level 1:colcon.colcon_core.package_identification:_identify(log) by extensions ['ignore', 'ignore_ament_install']
[0.268s] Level 1:colcon.colcon_core.package_identification:_identify(log) by extension 'ignore'
[0.268s] Level 1:colcon.colcon_core.package_identification:_identify(log) ignored
[0.268s] Level 1:colcon.colcon_core.package_identification:_identify(my_robot_bringup) by extensions ['ignore', 'ignore_ament_install']
[0.268s] Level 1:colcon.colcon_core.package_identification:_identify(my_robot_bringup) by extension 'ignore'
[0.268s] Level 1:colcon.colcon_core.package_identification:_identify(my_robot_bringup) by extension 'ignore_ament_install'
[0.268s] Level 1:colcon.colcon_core.package_identification:_identify(my_robot_bringup) by extensions ['colcon_pkg']
[0.268s] Level 1:colcon.colcon_core.package_identification:_identify(my_robot_bringup) by extension 'colcon_pkg'
[0.268s] Level 1:colcon.colcon_core.package_identification:_identify(my_robot_bringup) by extensions ['colcon_meta']
[0.268s] Level 1:colcon.colcon_core.package_identification:_identify(my_robot_bringup) by extension 'colcon_meta'
[0.268s] Level 1:colcon.colcon_core.package_identification:_identify(my_robot_bringup) by extensions ['ros']
[0.268s] Level 1:colcon.colcon_core.package_identification:_identify(my_robot_bringup) by extension 'ros'
[0.271s] DEBUG:colcon.colcon_core.package_identification:Package 'my_robot_bringup' with type 'ros.ament_cmake' and name 'my_robot_bringup'
[0.271s] Level 1:colcon.colcon_core.package_identification:_identify(my_robot_description) by extensions ['ignore', 'ignore_ament_install']
[0.280s] Level 1:colcon.colcon_core.package_identification:_identify(my_robot_description) by extension 'ignore'
[0.280s] Level 1:colcon.colcon_core.package_identification:_identify(my_robot_description) by extension 'ignore_ament_install'
[0.280s] Level 1:colcon.colcon_core.package_identification:_identify(my_robot_description) by extensions ['colcon_pkg']
[0.280s] Level 1:colcon.colcon_core.package_identification:_identify(my_robot_description) by extension 'colcon_pkg'
[0.280s] Level 1:colcon.colcon_core.package_identification:_identify(my_robot_description) by extensions ['colcon_meta']
[0.280s] Level 1:colcon.colcon_core.package_identification:_identify(my_robot_description) by extension 'colcon_meta'
[0.280s] Level 1:colcon.colcon_core.package_identification:_identify(my_robot_description) by extensions ['ros']
[0.280s] Level 1:colcon.colcon_core.package_identification:_identify(my_robot_description) by extension 'ros'
[0.281s] DEBUG:colcon.colcon_core.package_identification:Package 'my_robot_description' with type 'ros.ament_cmake' and name 'my_robot_description'
[0.281s] Level 1:colcon.colcon_core.package_discovery:discover_packages(recursive) using defaults
[0.281s] Level 1:colcon.colcon_core.package_discovery:discover_packages(ignore) discover
[0.281s] Level 1:colcon.colcon_core.package_discovery:discover_packages(ignore) using defaults
[0.281s] Level 1:colcon.colcon_core.package_discovery:discover_packages(path) discover
[0.281s] Level 1:colcon.colcon_core.package_discovery:discover_packages(path) using defaults
[0.299s] Level 1:colcon.colcon_core.package_discovery:discover_packages(prefix_path) check parameters
[0.299s] Level 1:colcon.colcon_core.package_discovery:discover_packages(prefix_path) discover
[0.301s] DEBUG:colcon.colcon_installed_package_information.package_discovery:Found 2 installed packages in /home/sudhansu/Desktop/ros2_intermediate_cource/my_ws/install
[0.302s] DEBUG:colcon.colcon_installed_package_information.package_discovery:Found 4 installed packages in /home/sudhansu/Desktop/ROS2/ros2_workspace/install
[0.303s] DEBUG:colcon.colcon_installed_package_information.package_discovery:Found 327 installed packages in /opt/ros/humble
[0.305s] Level 1:colcon.colcon_core.package_discovery:discover_packages(prefix_path) using defaults
[0.344s] Level 5:colcon.colcon_core.verb:set package 'my_robot_bringup' build argument 'cmake_args' from command line to 'None'
[0.344s] Level 5:colcon.colcon_core.verb:set package 'my_robot_bringup' build argument 'cmake_target' from command line to 'None'
[0.344s] Level 5:colcon.colcon_core.verb:set package 'my_robot_bringup' build argument 'cmake_target_skip_unavailable' from command line to 'False'
[0.344s] Level 5:colcon.colcon_core.verb:set package 'my_robot_bringup' build argument 'cmake_clean_cache' from command line to 'False'
[0.344s] Level 5:colcon.colcon_core.verb:set package 'my_robot_bringup' build argument 'cmake_clean_first' from command line to 'False'
[0.344s] Level 5:colcon.colcon_core.verb:set package 'my_robot_bringup' build argument 'cmake_force_configure' from command line to 'False'
[0.344s] Level 5:colcon.colcon_core.verb:set package 'my_robot_bringup' build argument 'ament_cmake_args' from command line to 'None'
[0.344s] Level 5:colcon.colcon_core.verb:set package 'my_robot_bringup' build argument 'catkin_cmake_args' from command line to 'None'
[0.344s] Level 5:colcon.colcon_core.verb:set package 'my_robot_bringup' build argument 'catkin_skip_building_tests' from command line to 'False'
[0.344s] DEBUG:colcon.colcon_core.verb:Building package 'my_robot_bringup' with the following arguments: {'ament_cmake_args': None, 'build_base': '/home/sudhansu/Desktop/ros2_intermediate_cource/my_ws/src/build/my_robot_bringup', 'catkin_cmake_args': None, 'catkin_skip_building_tests': False, 'cmake_args': None, 'cmake_clean_cache': False, 'cmake_clean_first': False, 'cmake_force_configure': False, 'cmake_target': None, 'cmake_target_skip_unavailable': False, 'install_base': '/home/sudhansu/Desktop/ros2_intermediate_cource/my_ws/src/install/my_robot_bringup', 'merge_install': False, 'path': '/home/sudhansu/Desktop/ros2_intermediate_cource/my_ws/src/my_robot_bringup', 'symlink_install': True, 'test_result_base': None}
[0.344s] Level 5:colcon.colcon_core.verb:set package 'my_robot_description' build argument 'cmake_args' from command line to 'None'
[0.344s] Level 5:colcon.colcon_core.verb:set package 'my_robot_description' build argument 'cmake_target' from command line to 'None'
[0.345s] Level 5:colcon.colcon_core.verb:set package 'my_robot_description' build argument 'cmake_target_skip_unavailable' from command line to 'False'
[0.345s] Level 5:colcon.colcon_core.verb:set package 'my_robot_description' build argument 'cmake_clean_cache' from command line to 'False'
[0.345s] Level 5:colcon.colcon_core.verb:set package 'my_robot_description' build argument 'cmake_clean_first' from command line to 'False'
[0.345s] Level 5:colcon.colcon_core.verb:set package 'my_robot_description' build argument 'cmake_force_configure' from command line to 'False'
[0.345s] Level 5:colcon.colcon_core.verb:set package 'my_robot_description' build argument 'ament_cmake_args' from command line to 'None'
[0.345s] Level 5:colcon.colcon_core.verb:set package 'my_robot_description' build argument 'catkin_cmake_args' from command line to 'None'
[0.345s] Level 5:colcon.colcon_core.verb:set package 'my_robot_description' build argument 'catkin_skip_building_tests' from command line to 'False'
[0.345s] DEBUG:colcon.colcon_core.verb:Building package 'my_robot_description' with the following arguments: {'ament_cmake_args': None, 'build_base': '/home/sudhansu/Desktop/ros2_intermediate_cource/my_ws/src/build/my_robot_description', 'catkin_cmake_args': None, 'catkin_skip_building_tests': False, 'cmake_args': None, 'cmake_clean_cache': False, 'cmake_clean_first': False, 'cmake_force_configure': False, 'cmake_target': None, 'cmake_target_skip_unavailable': False, 'install_base': '/home/sudhansu/Desktop/ros2_intermediate_cource/my_ws/src/install/my_robot_description', 'merge_install': False, 'path': '/home/sudhansu/Desktop/ros2_intermediate_cource/my_ws/src/my_robot_description', 'symlink_install': True, 'test_result_base': None}
[0.345s] INFO:colcon.colcon_core.executor:Executing jobs using 'parallel' executor
[0.346s] DEBUG:colcon.colcon_parallel_executor.executor.parallel:run_until_complete
[0.347s] INFO:colcon.colcon_ros.task.ament_cmake.build:Building ROS package in '/home/sudhansu/Desktop/ros2_intermediate_cource/my_ws/src/my_robot_bringup' with build type 'ament_cmake'
[0.347s] INFO:colcon.colcon_cmake.task.cmake.build:Building CMake package in '/home/sudhansu/Desktop/ros2_intermediate_cource/my_ws/src/my_robot_bringup'
[0.350s] INFO:colcon.colcon_core.plugin_system:Skipping extension 'colcon_core.shell.bat': Not used on non-Windows systems
[0.350s] INFO:colcon.colcon_core.shell:Skip shell extension 'powershell' for command environment: Not usable outside of PowerShell
[0.350s] DEBUG:colcon.colcon_core.shell:Skip shell extension 'dsv' for command environment
[0.355s] INFO:colcon.colcon_ros.task.ament_cmake.build:Building ROS package in '/home/sudhansu/Desktop/ros2_intermediate_cource/my_ws/src/my_robot_description' with build type 'ament_cmake'
[0.355s] INFO:colcon.colcon_cmake.task.cmake.build:Building CMake package in '/home/sudhansu/Desktop/ros2_intermediate_cource/my_ws/src/my_robot_description'
[0.355s] INFO:colcon.colcon_core.shell:Skip shell extension 'powershell' for command environment: Not usable outside of PowerShell
[0.355s] DEBUG:colcon.colcon_core.shell:Skip shell extension 'dsv' for command environment
[0.368s] DEBUG:colcon.colcon_core.event_handler.log_command:Invoking command in '/home/sudhansu/Desktop/ros2_intermediate_cource/my_ws/src/build/my_robot_bringup': CMAKE_PREFIX_PATH=${CMAKE_PREFIX_PATH}:/home/sudhansu/Desktop/ROS2/ros2_workspace/install/urdf_rviz_r2d2:/home/sudhansu/Desktop/ROS2/ros2_workspace/install/py_srvcli:/home/sudhansu/Desktop/ROS2/ros2_workspace/install/my_robot_controller:/opt/ros/humble /usr/bin/cmake /home/sudhansu/Desktop/ros2_intermediate_cource/my_ws/src/my_robot_bringup -DAMENT_CMAKE_SYMLINK_INSTALL=1 -DCMAKE_INSTALL_PREFIX=/home/sudhansu/Desktop/ros2_intermediate_cource/my_ws/src/install/my_robot_bringup
[0.373s] DEBUG:colcon.colcon_core.event_handler.log_command:Invoking command in '/home/sudhansu/Desktop/ros2_intermediate_cource/my_ws/src/build/my_robot_description': CMAKE_PREFIX_PATH=${CMAKE_PREFIX_PATH}:/home/sudhansu/Desktop/ROS2/ros2_workspace/install/urdf_rviz_r2d2:/home/sudhansu/Desktop/ROS2/ros2_workspace/install/py_srvcli:/home/sudhansu/Desktop/ROS2/ros2_workspace/install/my_robot_controller:/opt/ros/humble /usr/bin/cmake /home/sudhansu/Desktop/ros2_intermediate_cource/my_ws/src/my_robot_description -DAMENT_CMAKE_SYMLINK_INSTALL=1 -DCMAKE_INSTALL_PREFIX=/home/sudhansu/Desktop/ros2_intermediate_cource/my_ws/src/install/my_robot_description
[0.683s] DEBUG:colcon.colcon_core.event_handler.log_command:Invoked command in '/home/sudhansu/Desktop/ros2_intermediate_cource/my_ws/src/build/my_robot_description' returned '0': CMAKE_PREFIX_PATH=${CMAKE_PREFIX_PATH}:/home/sudhansu/Desktop/ROS2/ros2_workspace/install/urdf_rviz_r2d2:/home/sudhansu/Desktop/ROS2/ros2_workspace/install/py_srvcli:/home/sudhansu/Desktop/ROS2/ros2_workspace/install/my_robot_controller:/opt/ros/humble /usr/bin/cmake /home/sudhansu/Desktop/ros2_intermediate_cource/my_ws/src/my_robot_description -DAMENT_CMAKE_SYMLINK_INSTALL=1 -DCMAKE_INSTALL_PREFIX=/home/sudhansu/Desktop/ros2_intermediate_cource/my_ws/src/install/my_robot_description
[0.685s] DEBUG:colcon.colcon_core.event_handler.log_command:Invoking command in '/home/sudhansu/Desktop/ros2_intermediate_cource/my_ws/src/build/my_robot_description': CMAKE_PREFIX_PATH=${CMAKE_PREFIX_PATH}:/home/sudhansu/Desktop/ROS2/ros2_workspace/install/urdf_rviz_r2d2:/home/sudhansu/Desktop/ROS2/ros2_workspace/install/py_srvcli:/home/sudhansu/Desktop/ROS2/ros2_workspace/install/my_robot_controller:/opt/ros/humble /usr/bin/cmake --build /home/sudhansu/Desktop/ros2_intermediate_cource/my_ws/src/build/my_robot_description -- -j8 -l8
[0.686s] DEBUG:colcon.colcon_core.event_handler.log_command:Invoked command in '/home/sudhansu/Desktop/ros2_intermediate_cource/my_ws/src/build/my_robot_bringup' returned '0': CMAKE_PREFIX_PATH=${CMAKE_PREFIX_PATH}:/home/sudhansu/Desktop/ROS2/ros2_workspace/install/urdf_rviz_r2d2:/home/sudhansu/Desktop/ROS2/ros2_workspace/install/py_srvcli:/home/sudhansu/Desktop/ROS2/ros2_workspace/install/my_robot_controller:/opt/ros/humble /usr/bin/cmake /home/sudhansu/Desktop/ros2_intermediate_cource/my_ws/src/my_robot_bringup -DAMENT_CMAKE_SYMLINK_INSTALL=1 -DCMAKE_INSTALL_PREFIX=/home/sudhansu/Desktop/ros2_intermediate_cource/my_ws/src/install/my_robot_bringup
[0.689s] DEBUG:colcon.colcon_core.event_handler.log_command:Invoking command in '/home/sudhansu/Desktop/ros2_intermediate_cource/my_ws/src/build/my_robot_bringup': CMAKE_PREFIX_PATH=${CMAKE_PREFIX_PATH}:/home/sudhansu/Desktop/ROS2/ros2_workspace/install/urdf_rviz_r2d2:/home/sudhansu/Desktop/ROS2/ros2_workspace/install/py_srvcli:/home/sudhansu/Desktop/ROS2/ros2_workspace/install/my_robot_controller:/opt/ros/humble /usr/bin/cmake --build /home/sudhansu/Desktop/ros2_intermediate_cource/my_ws/src/build/my_robot_bringup -- -j8 -l8
[0.735s] DEBUG:colcon.colcon_core.event_handler.log_command:Invoked command in '/home/sudhansu/Desktop/ros2_intermediate_cource/my_ws/src/build/my_robot_bringup' returned '0': CMAKE_PREFIX_PATH=${CMAKE_PREFIX_PATH}:/home/sudhansu/Desktop/ROS2/ros2_workspace/install/urdf_rviz_r2d2:/home/sudhansu/Desktop/ROS2/ros2_workspace/install/py_srvcli:/home/sudhansu/Desktop/ROS2/ros2_workspace/install/my_robot_controller:/opt/ros/humble /usr/bin/cmake --build /home/sudhansu/Desktop/ros2_intermediate_cource/my_ws/src/build/my_robot_bringup -- -j8 -l8
[0.747s] DEBUG:colcon.colcon_core.event_handler.log_command:Invoking command in '/home/sudhansu/Desktop/ros2_intermediate_cource/my_ws/src/build/my_robot_bringup': CMAKE_PREFIX_PATH=${CMAKE_PREFIX_PATH}:/home/sudhansu/Desktop/ROS2/ros2_workspace/install/urdf_rviz_r2d2:/home/sudhansu/Desktop/ROS2/ros2_workspace/install/py_srvcli:/home/sudhansu/Desktop/ROS2/ros2_workspace/install/my_robot_controller:/opt/ros/humble /usr/bin/cmake --install /home/sudhansu/Desktop/ros2_intermediate_cource/my_ws/src/build/my_robot_bringup
[0.749s] DEBUG:colcon.colcon_core.event_handler.log_command:Invoked command in '/home/sudhansu/Desktop/ros2_intermediate_cource/my_ws/src/build/my_robot_description' returned '0': CMAKE_PREFIX_PATH=${CMAKE_PREFIX_PATH}:/home/sudhansu/Desktop/ROS2/ros2_workspace/install/urdf_rviz_r2d2:/home/sudhansu/Desktop/ROS2/ros2_workspace/install/py_srvcli:/home/sudhansu/Desktop/ROS2/ros2_workspace/install/my_robot_controller:/opt/ros/humble /usr/bin/cmake --build /home/sudhansu/Desktop/ros2_intermediate_cource/my_ws/src/build/my_robot_description -- -j8 -l8
[0.752s] DEBUG:colcon.colcon_core.event_handler.log_command:Invoking command in '/home/sudhansu/Desktop/ros2_intermediate_cource/my_ws/src/build/my_robot_description': CMAKE_PREFIX_PATH=${CMAKE_PREFIX_PATH}:/home/sudhansu/Desktop/ROS2/ros2_workspace/install/urdf_rviz_r2d2:/home/sudhansu/Desktop/ROS2/ros2_workspace/install/py_srvcli:/home/sudhansu/Desktop/ROS2/ros2_workspace/install/my_robot_controller:/opt/ros/humble /usr/bin/cmake --install /home/sudhansu/Desktop/ros2_intermediate_cource/my_ws/src/build/my_robot_description
[0.778s] Level 1:colcon.colcon_core.environment:create_environment_scripts_only(my_robot_bringup)
[0.779s] DEBUG:colcon.colcon_core.event_handler.log_command:Invoked command in '/home/sudhansu/Desktop/ros2_intermediate_cource/my_ws/src/build/my_robot_bringup' returned '0': CMAKE_PREFIX_PATH=${CMAKE_PREFIX_PATH}:/home/sudhansu/Desktop/ROS2/ros2_workspace/install/urdf_rviz_r2d2:/home/sudhansu/Desktop/ROS2/ros2_workspace/install/py_srvcli:/home/sudhansu/Desktop/ROS2/ros2_workspace/install/my_robot_controller:/opt/ros/humble /usr/bin/cmake --install /home/sudhansu/Desktop/ros2_intermediate_cource/my_ws/src/build/my_robot_bringup
[0.783s] Level 1:colcon.colcon_core.environment:checking '/home/sudhansu/Desktop/ros2_intermediate_cource/my_ws/src/install/my_robot_bringup' for CMake module files
[0.784s] Level 1:colcon.colcon_core.environment:checking '/home/sudhansu/Desktop/ros2_intermediate_cource/my_ws/src/install/my_robot_bringup' for CMake config files
[0.785s] Level 1:colcon.colcon_core.shell:create_environment_hook('my_robot_bringup', 'cmake_prefix_path')
[0.785s] INFO:colcon.colcon_core.shell:Creating environment hook '/home/sudhansu/Desktop/ros2_intermediate_cource/my_ws/src/install/my_robot_bringup/share/my_robot_bringup/hook/cmake_prefix_path.ps1'
[0.786s] INFO:colcon.colcon_core.shell:Creating environment descriptor '/home/sudhansu/Desktop/ros2_intermediate_cource/my_ws/src/install/my_robot_bringup/share/my_robot_bringup/hook/cmake_prefix_path.dsv'
[0.787s] INFO:colcon.colcon_core.shell:Creating environment hook '/home/sudhansu/Desktop/ros2_intermediate_cource/my_ws/src/install/my_robot_bringup/share/my_robot_bringup/hook/cmake_prefix_path.sh'
[0.789s] Level 1:colcon.colcon_core.environment:checking '/home/sudhansu/Desktop/ros2_intermediate_cource/my_ws/src/install/my_robot_bringup/bin'
[0.789s] Level 1:colcon.colcon_core.environment:checking '/home/sudhansu/Desktop/ros2_intermediate_cource/my_ws/src/install/my_robot_bringup/lib/pkgconfig/my_robot_bringup.pc'
[0.790s] Level 1:colcon.colcon_core.environment:checking '/home/sudhansu/Desktop/ros2_intermediate_cource/my_ws/src/install/my_robot_bringup/lib/python3.10/site-packages'
[0.790s] Level 1:colcon.colcon_core.environment:checking '/home/sudhansu/Desktop/ros2_intermediate_cource/my_ws/src/install/my_robot_bringup/bin'
[0.791s] INFO:colcon.colcon_core.shell:Creating package script '/home/sudhansu/Desktop/ros2_intermediate_cource/my_ws/src/install/my_robot_bringup/share/my_robot_bringup/package.ps1'
[0.792s] INFO:colcon.colcon_core.shell:Creating package descriptor '/home/sudhansu/Desktop/ros2_intermediate_cource/my_ws/src/install/my_robot_bringup/share/my_robot_bringup/package.dsv'
[0.793s] INFO:colcon.colcon_core.shell:Creating package script '/home/sudhansu/Desktop/ros2_intermediate_cource/my_ws/src/install/my_robot_bringup/share/my_robot_bringup/package.sh'
[0.794s] INFO:colcon.colcon_core.shell:Creating package script '/home/sudhansu/Desktop/ros2_intermediate_cource/my_ws/src/install/my_robot_bringup/share/my_robot_bringup/package.bash'
[0.795s] INFO:colcon.colcon_core.shell:Creating package script '/home/sudhansu/Desktop/ros2_intermediate_cource/my_ws/src/install/my_robot_bringup/share/my_robot_bringup/package.zsh'
[0.796s] Level 1:colcon.colcon_core.environment:create_file_with_runtime_dependencies(/home/sudhansu/Desktop/ros2_intermediate_cource/my_ws/src/install/my_robot_bringup/share/colcon-core/packages/my_robot_bringup)
[0.797s] Level 1:colcon.colcon_core.environment:create_environment_scripts_only(my_robot_bringup)
[0.797s] Level 1:colcon.colcon_core.environment:checking '/home/sudhansu/Desktop/ros2_intermediate_cource/my_ws/src/install/my_robot_bringup' for CMake module files
[0.798s] Level 1:colcon.colcon_core.environment:checking '/home/sudhansu/Desktop/ros2_intermediate_cource/my_ws/src/install/my_robot_bringup' for CMake config files
[0.798s] Level 1:colcon.colcon_core.shell:create_environment_hook('my_robot_bringup', 'cmake_prefix_path')
[0.798s] INFO:colcon.colcon_core.shell:Creating environment hook '/home/sudhansu/Desktop/ros2_intermediate_cource/my_ws/src/install/my_robot_bringup/share/my_robot_bringup/hook/cmake_prefix_path.ps1'
[0.799s] INFO:colcon.colcon_core.shell:Creating environment descriptor '/home/sudhansu/Desktop/ros2_intermediate_cource/my_ws/src/install/my_robot_bringup/share/my_robot_bringup/hook/cmake_prefix_path.dsv'
[0.799s] INFO:colcon.colcon_core.shell:Creating environment hook '/home/sudhansu/Desktop/ros2_intermediate_cource/my_ws/src/install/my_robot_bringup/share/my_robot_bringup/hook/cmake_prefix_path.sh'
[0.800s] Level 1:colcon.colcon_core.environment:checking '/home/sudhansu/Desktop/ros2_intermediate_cource/my_ws/src/install/my_robot_bringup/bin'
[0.800s] Level 1:colcon.colcon_core.environment:checking '/home/sudhansu/Desktop/ros2_intermediate_cource/my_ws/src/install/my_robot_bringup/lib/pkgconfig/my_robot_bringup.pc'
[0.800s] Level 1:colcon.colcon_core.environment:checking '/home/sudhansu/Desktop/ros2_intermediate_cource/my_ws/src/install/my_robot_bringup/lib/python3.10/site-packages'
[0.800s] Level 1:colcon.colcon_core.environment:checking '/home/sudhansu/Desktop/ros2_intermediate_cource/my_ws/src/install/my_robot_bringup/bin'
[0.801s] INFO:colcon.colcon_core.shell:Creating package script '/home/sudhansu/Desktop/ros2_intermediate_cource/my_ws/src/install/my_robot_bringup/share/my_robot_bringup/package.ps1'
[0.801s] INFO:colcon.colcon_core.shell:Creating package descriptor '/home/sudhansu/Desktop/ros2_intermediate_cource/my_ws/src/install/my_robot_bringup/share/my_robot_bringup/package.dsv'
[0.802s] INFO:colcon.colcon_core.shell:Creating package script '/home/sudhansu/Desktop/ros2_intermediate_cource/my_ws/src/install/my_robot_bringup/share/my_robot_bringup/package.sh'
[0.802s] INFO:colcon.colcon_core.shell:Creating package script '/home/sudhansu/Desktop/ros2_intermediate_cource/my_ws/src/install/my_robot_bringup/share/my_robot_bringup/package.bash'
[0.803s] INFO:colcon.colcon_core.shell:Creating package script '/home/sudhansu/Desktop/ros2_intermediate_cource/my_ws/src/install/my_robot_bringup/share/my_robot_bringup/package.zsh'
[0.803s] Level 1:colcon.colcon_core.environment:create_file_with_runtime_dependencies(/home/sudhansu/Desktop/ros2_intermediate_cource/my_ws/src/install/my_robot_bringup/share/colcon-core/packages/my_robot_bringup)
[0.805s] Level 1:colcon.colcon_core.environment:create_environment_scripts_only(my_robot_description)
[0.805s] Level 1:colcon.colcon_core.environment:checking '/home/sudhansu/Desktop/ros2_intermediate_cource/my_ws/src/install/my_robot_description' for CMake module files
[0.806s] DEBUG:colcon.colcon_core.event_handler.log_command:Invoked command in '/home/sudhansu/Desktop/ros2_intermediate_cource/my_ws/src/build/my_robot_description' returned '0': CMAKE_PREFIX_PATH=${CMAKE_PREFIX_PATH}:/home/sudhansu/Desktop/ROS2/ros2_workspace/install/urdf_rviz_r2d2:/home/sudhansu/Desktop/ROS2/ros2_workspace/install/py_srvcli:/home/sudhansu/Desktop/ROS2/ros2_workspace/install/my_robot_controller:/opt/ros/humble /usr/bin/cmake --install /home/sudhansu/Desktop/ros2_intermediate_cource/my_ws/src/build/my_robot_description
[0.806s] Level 1:colcon.colcon_core.environment:checking '/home/sudhansu/Desktop/ros2_intermediate_cource/my_ws/src/install/my_robot_description' for CMake config files
[0.807s] Level 1:colcon.colcon_core.shell:create_environment_hook('my_robot_description', 'cmake_prefix_path')
[0.807s] INFO:colcon.colcon_core.shell:Creating environment hook '/home/sudhansu/Desktop/ros2_intermediate_cource/my_ws/src/install/my_robot_description/share/my_robot_description/hook/cmake_prefix_path.ps1'
[0.808s] INFO:colcon.colcon_core.shell:Creating environment descriptor '/home/sudhansu/Desktop/ros2_intermediate_cource/my_ws/src/install/my_robot_description/share/my_robot_description/hook/cmake_prefix_path.dsv'
[0.808s] INFO:colcon.colcon_core.shell:Creating environment hook '/home/sudhansu/Desktop/ros2_intermediate_cource/my_ws/src/install/my_robot_description/share/my_robot_description/hook/cmake_prefix_path.sh'
[0.809s] Level 1:colcon.colcon_core.environment:checking '/home/sudhansu/Desktop/ros2_intermediate_cource/my_ws/src/install/my_robot_description/bin'
[0.809s] Level 1:colcon.colcon_core.environment:checking '/home/sudhansu/Desktop/ros2_intermediate_cource/my_ws/src/install/my_robot_description/lib/pkgconfig/my_robot_description.pc'
[0.809s] Level 1:colcon.colcon_core.environment:checking '/home/sudhansu/Desktop/ros2_intermediate_cource/my_ws/src/install/my_robot_description/lib/python3.10/site-packages'
[0.810s] Level 1:colcon.colcon_core.environment:checking '/home/sudhansu/Desktop/ros2_intermediate_cource/my_ws/src/install/my_robot_description/bin'
[0.810s] INFO:colcon.colcon_core.shell:Creating package script '/home/sudhansu/Desktop/ros2_intermediate_cource/my_ws/src/install/my_robot_description/share/my_robot_description/package.ps1'
[0.811s] INFO:colcon.colcon_core.shell:Creating package descriptor '/home/sudhansu/Desktop/ros2_intermediate_cource/my_ws/src/install/my_robot_description/share/my_robot_description/package.dsv'
[0.811s] INFO:colcon.colcon_core.shell:Creating package script '/home/sudhansu/Desktop/ros2_intermediate_cource/my_ws/src/install/my_robot_description/share/my_robot_description/package.sh'
[0.811s] INFO:colcon.colcon_core.shell:Creating package script '/home/sudhansu/Desktop/ros2_intermediate_cource/my_ws/src/install/my_robot_description/share/my_robot_description/package.bash'
[0.812s] INFO:colcon.colcon_core.shell:Creating package script '/home/sudhansu/Desktop/ros2_intermediate_cource/my_ws/src/install/my_robot_description/share/my_robot_description/package.zsh'
[0.812s] Level 1:colcon.colcon_core.environment:create_file_with_runtime_dependencies(/home/sudhansu/Desktop/ros2_intermediate_cource/my_ws/src/install/my_robot_description/share/colcon-core/packages/my_robot_description)
[0.813s] Level 1:colcon.colcon_core.environment:create_environment_scripts_only(my_robot_description)
[0.813s] Level 1:colcon.colcon_core.environment:checking '/home/sudhansu/Desktop/ros2_intermediate_cource/my_ws/src/install/my_robot_description' for CMake module files
[0.814s] Level 1:colcon.colcon_core.environment:checking '/home/sudhansu/Desktop/ros2_intermediate_cource/my_ws/src/install/my_robot_description' for CMake config files
[0.814s] Level 1:colcon.colcon_core.shell:create_environment_hook('my_robot_description', 'cmake_prefix_path')
[0.814s] INFO:colcon.colcon_core.shell:Creating environment hook '/home/sudhansu/Desktop/ros2_intermediate_cource/my_ws/src/install/my_robot_description/share/my_robot_description/hook/cmake_prefix_path.ps1'
[0.815s] INFO:colcon.colcon_core.shell:Creating environment descriptor '/home/sudhansu/Desktop/ros2_intermediate_cource/my_ws/src/install/my_robot_description/share/my_robot_description/hook/cmake_prefix_path.dsv'
[0.815s] INFO:colcon.colcon_core.shell:Creating environment hook '/home/sudhansu/Desktop/ros2_intermediate_cource/my_ws/src/install/my_robot_description/share/my_robot_description/hook/cmake_prefix_path.sh'
[0.816s] Level 1:colcon.colcon_core.environment:checking '/home/sudhansu/Desktop/ros2_intermediate_cource/my_ws/src/install/my_robot_description/bin'
[0.816s] Level 1:colcon.colcon_core.environment:checking '/home/sudhansu/Desktop/ros2_intermediate_cource/my_ws/src/install/my_robot_description/lib/pkgconfig/my_robot_description.pc'
[0.816s] Level 1:colcon.colcon_core.environment:checking '/home/sudhansu/Desktop/ros2_intermediate_cource/my_ws/src/install/my_robot_description/lib/python3.10/site-packages'
[0.817s] Level 1:colcon.colcon_core.environment:checking '/home/sudhansu/Desktop/ros2_intermediate_cource/my_ws/src/install/my_robot_description/bin'
[0.817s] INFO:colcon.colcon_core.shell:Creating package script '/home/sudhansu/Desktop/ros2_intermediate_cource/my_ws/src/install/my_robot_description/share/my_robot_description/package.ps1'
[0.817s] INFO:colcon.colcon_core.shell:Creating package descriptor '/home/sudhansu/Desktop/ros2_intermediate_cource/my_ws/src/install/my_robot_description/share/my_robot_description/package.dsv'
[0.818s] INFO:colcon.colcon_core.shell:Creating package script '/home/sudhansu/Desktop/ros2_intermediate_cource/my_ws/src/install/my_robot_description/share/my_robot_description/package.sh'
[0.818s] INFO:colcon.colcon_core.shell:Creating package script '/home/sudhansu/Desktop/ros2_intermediate_cource/my_ws/src/install/my_robot_description/share/my_robot_description/package.bash'
[0.819s] INFO:colcon.colcon_core.shell:Creating package script '/home/sudhansu/Desktop/ros2_intermediate_cource/my_ws/src/install/my_robot_description/share/my_robot_description/package.zsh'
[0.819s] Level 1:colcon.colcon_core.environment:create_file_with_runtime_dependencies(/home/sudhansu/Desktop/ros2_intermediate_cource/my_ws/src/install/my_robot_description/share/colcon-core/packages/my_robot_description)
[0.820s] DEBUG:colcon.colcon_parallel_executor.executor.parallel:closing loop
[0.820s] DEBUG:colcon.colcon_parallel_executor.executor.parallel:loop closed
[0.821s] DEBUG:colcon.colcon_parallel_executor.executor.parallel:run_until_complete finished with '0'
[0.821s] DEBUG:colcon.colcon_core.event_reactor:joining thread
[0.828s] INFO:colcon.colcon_core.plugin_system:Skipping extension 'colcon_notification.desktop_notification.terminal_notifier': Not used on non-Darwin systems
[0.828s] INFO:colcon.colcon_core.plugin_system:Skipping extension 'colcon_notification.desktop_notification.win32': Not used on non-Windows systems
[0.828s] INFO:colcon.colcon_notification.desktop_notification:Sending desktop notification using 'notify2'
[0.847s] DEBUG:colcon.colcon_core.event_reactor:joined thread
[0.847s] INFO:colcon.colcon_core.shell:Creating prefix script '/home/sudhansu/Desktop/ros2_intermediate_cource/my_ws/src/install/local_setup.ps1'
[0.849s] INFO:colcon.colcon_core.shell:Creating prefix util module '/home/sudhansu/Desktop/ros2_intermediate_cource/my_ws/src/install/_local_setup_util_ps1.py'
[0.851s] INFO:colcon.colcon_core.shell:Creating prefix chain script '/home/sudhansu/Desktop/ros2_intermediate_cource/my_ws/src/install/setup.ps1'
[0.852s] INFO:colcon.colcon_core.shell:Creating prefix script '/home/sudhansu/Desktop/ros2_intermediate_cource/my_ws/src/install/local_setup.sh'
[0.853s] INFO:colcon.colcon_core.shell:Creating prefix util module '/home/sudhansu/Desktop/ros2_intermediate_cource/my_ws/src/install/_local_setup_util_sh.py'
[0.854s] INFO:colcon.colcon_core.shell:Creating prefix chain script '/home/sudhansu/Desktop/ros2_intermediate_cource/my_ws/src/install/setup.sh'
[0.856s] INFO:colcon.colcon_core.shell:Creating prefix script '/home/sudhansu/Desktop/ros2_intermediate_cource/my_ws/src/install/local_setup.bash'
[0.857s] INFO:colcon.colcon_core.shell:Creating prefix chain script '/home/sudhansu/Desktop/ros2_intermediate_cource/my_ws/src/install/setup.bash'
[0.859s] INFO:colcon.colcon_core.shell:Creating prefix script '/home/sudhansu/Desktop/ros2_intermediate_cource/my_ws/src/install/local_setup.zsh'
[0.859s] INFO:colcon.colcon_core.shell:Creating prefix chain script '/home/sudhansu/Desktop/ros2_intermediate_cource/my_ws/src/install/setup.zsh'
