[0.299s] DEBUG:colcon:Command line arguments: ['/usr/bin/colcon', 'list', '-p', '--base-paths', '/home/sudhansu/Desktop/ros2_intermediate_cource/my_ws/src', '--log-base', '/dev/null']
[0.300s] DEBUG:colcon:Parsed command line arguments: Namespace(log_base=None, log_level=None, verb_name='list', build_base='build', ignore_user_meta=False, metas=['./colcon.meta'], base_paths=['/home/sudhansu/Desktop/ros2_intermediate_cource/my_ws/src', '--log-base', '/dev/null'], packages_ignore=None, packages_ignore_regex=None, paths=None, packages_up_to=None, packages_up_to_regex=None, packages_above=None, packages_above_and_dependencies=None, packages_above_depth=None, packages_select_by_dep=None, packages_skip_by_dep=None, packages_skip_up_to=None, packages_select_build_failed=False, packages_skip_build_finished=False, packages_select_test_failures=False, packages_skip_test_passed=False, packages_select=None, packages_skip=None, packages_select_regex=None, packages_skip_regex=None, packages_start=None, packages_end=None, allow_overriding=[], topological_order=False, names_only=False, paths_only=True, topological_graph=False, topological_graph_dot=False, topological_graph_density=False, topological_graph_legend=False, topological_graph_dot_cluster=False, topological_graph_dot_include_skipped=False, verb_parser=<colcon_defaults.argument_parser.defaults.DefaultArgumentsDecorator object at 0x7fedd024e350>, verb_extension=<colcon_package_information.verb.list.ListVerb object at 0x7fedd0342e30>, main=<bound method ListVerb.main of <colcon_package_information.verb.list.ListVerb object at 0x7fedd0342e30>>)
[0.806s] Level 1:colcon.colcon_core.package_discovery:discover_packages(colcon_meta) check parameters
[0.806s] Level 1:colcon.colcon_core.package_discovery:discover_packages(recursive) check parameters
[0.806s] Level 1:colcon.colcon_core.package_discovery:discover_packages(ignore) check parameters
[0.806s] Level 1:colcon.colcon_core.package_discovery:discover_packages(path) check parameters
[0.806s] Level 1:colcon.colcon_core.package_discovery:discover_packages(recursive) discover
[0.807s] INFO:colcon.colcon_core.package_discovery:Crawling recursively for packages in '/home/sudhansu/Desktop/ros2_intermediate_cource/my_ws/src', '/home/sudhansu/Desktop/ros2_intermediate_cource/my_ws/src/--log-base', '/dev/null'
[0.807s] Level 1:colcon.colcon_core.package_identification:_identify(/home/sudhansu/Desktop/ros2_intermediate_cource/my_ws/src) by extensions ['ignore', 'ignore_ament_install']
[0.808s] Level 1:colcon.colcon_core.package_identification:_identify(/home/sudhansu/Desktop/ros2_intermediate_cource/my_ws/src) by extension 'ignore'
[0.808s] Level 1:colcon.colcon_core.package_identification:_identify(/home/sudhansu/Desktop/ros2_intermediate_cource/my_ws/src) by extension 'ignore_ament_install'
[0.808s] Level 1:colcon.colcon_core.package_identification:_identify(/home/sudhansu/Desktop/ros2_intermediate_cource/my_ws/src) by extensions ['colcon_pkg']
[0.808s] Level 1:colcon.colcon_core.package_identification:_identify(/home/sudhansu/Desktop/ros2_intermediate_cource/my_ws/src) by extension 'colcon_pkg'
[0.808s] Level 1:colcon.colcon_core.package_identification:_identify(/home/sudhansu/Desktop/ros2_intermediate_cource/my_ws/src) by extensions ['colcon_meta']
[0.808s] Level 1:colcon.colcon_core.package_identification:_identify(/home/sudhansu/Desktop/ros2_intermediate_cource/my_ws/src) by extension 'colcon_meta'
[0.808s] Level 1:colcon.colcon_core.package_identification:_identify(/home/sudhansu/Desktop/ros2_intermediate_cource/my_ws/src) by extensions ['ros']
[0.809s] Level 1:colcon.colcon_core.package_identification:_identify(/home/sudhansu/Desktop/ros2_intermediate_cource/my_ws/src) by extension 'ros'
[0.843s] Level 1:colcon.colcon_core.package_identification:_identify(/home/sudhansu/Desktop/ros2_intermediate_cource/my_ws/src) by extensions ['cmake', 'python']
[0.843s] Level 1:colcon.colcon_core.package_identification:_identify(/home/sudhansu/Desktop/ros2_intermediate_cource/my_ws/src) by extension 'cmake'
[0.843s] Level 1:colcon.colcon_core.package_identification:_identify(/home/sudhansu/Desktop/ros2_intermediate_cource/my_ws/src) by extension 'python'
[0.844s] Level 1:colcon.colcon_core.package_identification:_identify(/home/sudhansu/Desktop/ros2_intermediate_cource/my_ws/src) by extensions ['python_setup_py']
[0.844s] Level 1:colcon.colcon_core.package_identification:_identify(/home/sudhansu/Desktop/ros2_intermediate_cource/my_ws/src) by extension 'python_setup_py'
[0.844s] Level 1:colcon.colcon_core.package_identification:_identify(/home/sudhansu/Desktop/ros2_intermediate_cource/my_ws/src/log) by extensions ['ignore', 'ignore_ament_install']
[0.844s] Level 1:colcon.colcon_core.package_identification:_identify(/home/sudhansu/Desktop/ros2_intermediate_cource/my_ws/src/log) by extension 'ignore'
[0.845s] Level 1:colcon.colcon_core.package_identification:_identify(/home/sudhansu/Desktop/ros2_intermediate_cource/my_ws/src/log) ignored
[0.845s] Level 1:colcon.colcon_core.package_identification:_identify(/home/sudhansu/Desktop/ros2_intermediate_cource/my_ws/src/my_robot_description) by extensions ['ignore', 'ignore_ament_install']
[0.845s] Level 1:colcon.colcon_core.package_identification:_identify(/home/sudhansu/Desktop/ros2_intermediate_cource/my_ws/src/my_robot_description) by extension 'ignore'
[0.845s] Level 1:colcon.colcon_core.package_identification:_identify(/home/sudhansu/Desktop/ros2_intermediate_cource/my_ws/src/my_robot_description) by extension 'ignore_ament_install'
[0.845s] Level 1:colcon.colcon_core.package_identification:_identify(/home/sudhansu/Desktop/ros2_intermediate_cource/my_ws/src/my_robot_description) by extensions ['colcon_pkg']
[0.845s] Level 1:colcon.colcon_core.package_identification:_identify(/home/sudhansu/Desktop/ros2_intermediate_cource/my_ws/src/my_robot_description) by extension 'colcon_pkg'
[0.845s] Level 1:colcon.colcon_core.package_identification:_identify(/home/sudhansu/Desktop/ros2_intermediate_cource/my_ws/src/my_robot_description) by extensions ['colcon_meta']
[0.846s] Level 1:colcon.colcon_core.package_identification:_identify(/home/sudhansu/Desktop/ros2_intermediate_cource/my_ws/src/my_robot_description) by extension 'colcon_meta'
[0.846s] Level 1:colcon.colcon_core.package_identification:_identify(/home/sudhansu/Desktop/ros2_intermediate_cource/my_ws/src/my_robot_description) by extensions ['ros']
[0.846s] Level 1:colcon.colcon_core.package_identification:_identify(/home/sudhansu/Desktop/ros2_intermediate_cource/my_ws/src/my_robot_description) by extension 'ros'
[0.854s] DEBUG:colcon.colcon_core.package_identification:Package '/home/sudhansu/Desktop/ros2_intermediate_cource/my_ws/src/my_robot_description' with type 'ros.ament_cmake' and name 'my_robot_description'
[0.854s] Level 1:colcon.colcon_core.package_discovery:discover_packages(recursive) using defaults
